2020-07-04 11:48:27,380 INFO org.springframework.boot.StartupInfoLogger [main] Starting PiMentorBackendApplication on MKMONDAL-LAP with PID 6668 (C:\Users\mkmondal.ORADEV\eclipse-workspace\PiMentorBackend\target\classes started by mkmondal in C:\Users\mkmondal.ORADEV\eclipse-workspace\PiMentorBackend)
2020-07-04 11:48:27,383 INFO org.springframework.boot.SpringApplication [main] No active profile set, falling back to default profiles: default
2020-07-04 11:48:28,419 INFO org.springframework.boot.web.embedded.tomcat.TomcatWebServer [main] Tomcat initialized with port(s): 9087 (http)
2020-07-04 11:48:28,428 INFO org.apache.juli.logging.DirectJDKLog [main] Initializing ProtocolHandler ["http-nio-9087"]
2020-07-04 11:48:28,429 INFO org.apache.juli.logging.DirectJDKLog [main] Starting service [Tomcat]
2020-07-04 11:48:28,429 INFO org.apache.juli.logging.DirectJDKLog [main] Starting Servlet engine: [Apache Tomcat/9.0.36]
2020-07-04 11:48:28,561 INFO org.apache.juli.logging.DirectJDKLog [main] Initializing Spring embedded WebApplicationContext
2020-07-04 11:48:28,561 INFO org.springframework.boot.web.servlet.context.ServletWebServerApplicationContext [main] Root WebApplicationContext: initialization completed in 1147 ms
2020-07-04 11:48:28,776 INFO org.springframework.scheduling.concurrent.ExecutorConfigurationSupport [main] Initializing ExecutorService 'applicationTaskExecutor'
2020-07-04 11:48:29,030 INFO org.springframework.boot.actuate.endpoint.web.EndpointLinksResolver [main] Exposing 2 endpoint(s) beneath base path '/actuator'
2020-07-04 11:48:29,054 INFO org.apache.juli.logging.DirectJDKLog [main] Starting ProtocolHandler ["http-nio-9087"]
2020-07-04 11:48:29,066 WARN org.springframework.context.support.AbstractApplicationContext [main] Exception encountered during context initialization - cancelling refresh attempt: org.springframework.context.ApplicationContextException: Failed to start bean 'webServerStartStop'; nested exception is org.springframework.boot.web.server.PortInUseException: Port 9087 is already in use
2020-07-04 11:48:29,067 WARN org.springframework.beans.factory.support.DisposableBeanAdapter [main] Invocation of destroy method failed on bean with name 'tomcatMetricsBinder': java.lang.NullPointerException
2020-07-04 11:48:29,069 INFO org.springframework.scheduling.concurrent.ExecutorConfigurationSupport [main] Shutting down ExecutorService 'applicationTaskExecutor'
2020-07-04 11:48:29,073 INFO org.apache.juli.logging.DirectJDKLog [main] Pausing ProtocolHandler ["http-nio-9087"]
2020-07-04 11:48:29,073 INFO org.apache.juli.logging.DirectJDKLog [main] Stopping service [Tomcat]
2020-07-04 11:48:29,078 INFO org.apache.juli.logging.DirectJDKLog [main] Stopping ProtocolHandler ["http-nio-9087"]
2020-07-04 11:48:29,078 INFO org.apache.juli.logging.DirectJDKLog [main] Destroying ProtocolHandler ["http-nio-9087"]
2020-07-04 11:48:29,088 INFO org.springframework.boot.autoconfigure.logging.ConditionEvaluationReportLoggingListener [main] 

Error starting ApplicationContext. To display the conditions report re-run your application with 'debug' enabled.
2020-07-04 11:48:29,092 ERROR org.springframework.boot.diagnostics.LoggingFailureAnalysisReporter [main] 

***************************
APPLICATION FAILED TO START
***************************

Description:

Web server failed to start. Port 9087 was already in use.

Action:

Identify and stop the process that's listening on port 9087 or configure this application to listen on another port.

2020-07-04 11:48:44,078 INFO org.springframework.boot.StartupInfoLogger [main] Starting PiMentorBackendApplication on MKMONDAL-LAP with PID 18764 (C:\Users\mkmondal.ORADEV\eclipse-workspace\PiMentorBackend\target\classes started by mkmondal in C:\Users\mkmondal.ORADEV\eclipse-workspace\PiMentorBackend)
2020-07-04 11:48:44,082 INFO org.springframework.boot.SpringApplication [main] No active profile set, falling back to default profiles: default
2020-07-04 11:48:45,181 INFO org.springframework.boot.web.embedded.tomcat.TomcatWebServer [main] Tomcat initialized with port(s): 9081 (http)
2020-07-04 11:48:45,189 INFO org.apache.juli.logging.DirectJDKLog [main] Initializing ProtocolHandler ["http-nio-9081"]
2020-07-04 11:48:45,190 INFO org.apache.juli.logging.DirectJDKLog [main] Starting service [Tomcat]
2020-07-04 11:48:45,191 INFO org.apache.juli.logging.DirectJDKLog [main] Starting Servlet engine: [Apache Tomcat/9.0.36]
2020-07-04 11:48:45,300 INFO org.apache.juli.logging.DirectJDKLog [main] Initializing Spring embedded WebApplicationContext
2020-07-04 11:48:45,300 INFO org.springframework.boot.web.servlet.context.ServletWebServerApplicationContext [main] Root WebApplicationContext: initialization completed in 1176 ms
2020-07-04 11:48:45,530 INFO org.springframework.scheduling.concurrent.ExecutorConfigurationSupport [main] Initializing ExecutorService 'applicationTaskExecutor'
2020-07-04 11:48:45,781 INFO org.springframework.boot.actuate.endpoint.web.EndpointLinksResolver [main] Exposing 2 endpoint(s) beneath base path '/actuator'
2020-07-04 11:48:45,801 INFO org.apache.juli.logging.DirectJDKLog [main] Starting ProtocolHandler ["http-nio-9081"]
2020-07-04 11:48:45,820 INFO org.springframework.boot.web.embedded.tomcat.TomcatWebServer [main] Tomcat started on port(s): 9081 (http) with context path ''
2020-07-04 11:48:45,833 INFO org.springframework.boot.StartupInfoLogger [main] Started PiMentorBackendApplication in 2.148 seconds (JVM running for 3.092)
2020-07-04 11:50:38,681 INFO org.springframework.boot.admin.SpringApplicationAdminMXBeanRegistrar$SpringApplicationAdmin [RMI TCP Connection(2)-127.0.0.1] Application shutdown requested.
2020-07-04 11:50:39,598 INFO org.springframework.scheduling.concurrent.ExecutorConfigurationSupport [RMI TCP Connection(2)-127.0.0.1] Shutting down ExecutorService 'applicationTaskExecutor'
2020-07-04 11:50:49,718 ERROR org.springframework.boot.SpringApplication [main] Application run failed
java.lang.IllegalStateException: Logback configuration error detected: 
ERROR in ch.qos.logback.core.joran.action.AppenderRefAction - Could not find an appender named [Console]. Did you define it below instead of above in the configuration file?
ERROR in ch.qos.logback.core.joran.action.AppenderRefAction - See http://logback.qos.ch/codes.html#appender_order for more details.
ERROR in ch.qos.logback.core.joran.action.AppenderRefAction - Could not find an appender named [Console]. Did you define it below instead of above in the configuration file?
ERROR in ch.qos.logback.core.joran.action.AppenderRefAction - See http://logback.qos.ch/codes.html#appender_order for more details.
	at org.springframework.boot.logging.logback.LogbackLoggingSystem.loadConfiguration(LogbackLoggingSystem.java:169)
	at org.springframework.boot.logging.AbstractLoggingSystem.initializeWithConventions(AbstractLoggingSystem.java:80)
	at org.springframework.boot.logging.AbstractLoggingSystem.initialize(AbstractLoggingSystem.java:60)
	at org.springframework.boot.logging.logback.LogbackLoggingSystem.initialize(LogbackLoggingSystem.java:118)
	at org.springframework.boot.context.logging.LoggingApplicationListener.initializeSystem(LoggingApplicationListener.java:306)
	at org.springframework.boot.context.logging.LoggingApplicationListener.initialize(LoggingApplicationListener.java:281)
	at org.springframework.boot.context.logging.LoggingApplicationListener.onApplicationEnvironmentPreparedEvent(LoggingApplicationListener.java:239)
	at org.springframework.boot.context.logging.LoggingApplicationListener.onApplicationEvent(LoggingApplicationListener.java:216)
	at org.springframework.context.event.SimpleApplicationEventMulticaster.doInvokeListener(SimpleApplicationEventMulticaster.java:172)
	at org.springframework.context.event.SimpleApplicationEventMulticaster.invokeListener(SimpleApplicationEventMulticaster.java:165)
	at org.springframework.context.event.SimpleApplicationEventMulticaster.multicastEvent(SimpleApplicationEventMulticaster.java:139)
	at org.springframework.context.event.SimpleApplicationEventMulticaster.multicastEvent(SimpleApplicationEventMulticaster.java:127)
	at org.springframework.boot.context.event.EventPublishingRunListener.environmentPrepared(EventPublishingRunListener.java:80)
	at org.springframework.boot.SpringApplicationRunListeners.environmentPrepared(SpringApplicationRunListeners.java:53)
	at org.springframework.boot.SpringApplication.prepareEnvironment(SpringApplication.java:345)
	at org.springframework.boot.SpringApplication.run(SpringApplication.java:308)
	at org.springframework.boot.SpringApplication.run(SpringApplication.java:1237)
	at org.springframework.boot.SpringApplication.run(SpringApplication.java:1226)
	at com.org.pimentorbackend.PiMentorBackendApplication.main(PiMentorBackendApplication.java:10)
2020-07-04 11:51:55,650 INFO org.springframework.boot.StartupInfoLogger [main] Starting PiMentorBackendApplication on MKMONDAL-LAP with PID 5684 (C:\Users\mkmondal.ORADEV\eclipse-workspace\PiMentorBackend\target\classes started by mkmondal in C:\Users\mkmondal.ORADEV\eclipse-workspace\PiMentorBackend)
2020-07-04 11:51:55,653 DEBUG org.springframework.boot.StartupInfoLogger [main] Running with Spring Boot v2.3.1.RELEASE, Spring v5.2.7.RELEASE
2020-07-04 11:51:55,653 INFO org.springframework.boot.SpringApplication [main] No active profile set, falling back to default profiles: default
2020-07-04 11:51:56,787 INFO org.springframework.boot.web.embedded.tomcat.TomcatWebServer [main] Tomcat initialized with port(s): 9081 (http)
2020-07-04 11:51:56,800 INFO org.apache.juli.logging.DirectJDKLog [main] Initializing ProtocolHandler ["http-nio-9081"]
2020-07-04 11:51:56,800 INFO org.apache.juli.logging.DirectJDKLog [main] Starting service [Tomcat]
2020-07-04 11:51:56,801 INFO org.apache.juli.logging.DirectJDKLog [main] Starting Servlet engine: [Apache Tomcat/9.0.36]
2020-07-04 11:51:56,913 INFO org.apache.juli.logging.DirectJDKLog [main] Initializing Spring embedded WebApplicationContext
2020-07-04 11:51:56,914 INFO org.springframework.boot.web.servlet.context.ServletWebServerApplicationContext [main] Root WebApplicationContext: initialization completed in 1226 ms
2020-07-04 11:51:57,144 INFO org.springframework.scheduling.concurrent.ExecutorConfigurationSupport [main] Initializing ExecutorService 'applicationTaskExecutor'
2020-07-04 11:51:57,393 INFO org.springframework.boot.actuate.endpoint.web.EndpointLinksResolver [main] Exposing 2 endpoint(s) beneath base path '/actuator'
2020-07-04 11:51:57,412 INFO org.apache.juli.logging.DirectJDKLog [main] Starting ProtocolHandler ["http-nio-9081"]
2020-07-04 11:51:57,430 INFO org.springframework.boot.web.embedded.tomcat.TomcatWebServer [main] Tomcat started on port(s): 9081 (http) with context path ''
2020-07-04 11:51:57,443 INFO org.springframework.boot.StartupInfoLogger [main] Started PiMentorBackendApplication in 2.204 seconds (JVM running for 3.181)
2020-07-04 11:52:09,059 INFO org.springframework.boot.admin.SpringApplicationAdminMXBeanRegistrar$SpringApplicationAdmin [RMI TCP Connection(2)-127.0.0.1] Application shutdown requested.
2020-07-04 11:52:09,339 INFO org.springframework.scheduling.concurrent.ExecutorConfigurationSupport [RMI TCP Connection(2)-127.0.0.1] Shutting down ExecutorService 'applicationTaskExecutor'
2020-07-04 11:52:16,059 INFO org.springframework.boot.StartupInfoLogger [main] Starting PiMentorBackendApplication on MKMONDAL-LAP with PID 16148 (C:\Users\mkmondal.ORADEV\eclipse-workspace\PiMentorBackend\target\classes started by mkmondal in C:\Users\mkmondal.ORADEV\eclipse-workspace\PiMentorBackend)
2020-07-04 11:52:16,063 DEBUG org.springframework.boot.StartupInfoLogger [main] Running with Spring Boot v2.3.1.RELEASE, Spring v5.2.7.RELEASE
2020-07-04 11:52:16,063 INFO org.springframework.boot.SpringApplication [main] No active profile set, falling back to default profiles: default
2020-07-04 11:52:17,140 INFO org.springframework.boot.web.embedded.tomcat.TomcatWebServer [main] Tomcat initialized with port(s): 9081 (http)
2020-07-04 11:52:17,147 INFO org.apache.juli.logging.DirectJDKLog [main] Initializing ProtocolHandler ["http-nio-9081"]
2020-07-04 11:52:17,148 INFO org.apache.juli.logging.DirectJDKLog [main] Starting service [Tomcat]
2020-07-04 11:52:17,148 INFO org.apache.juli.logging.DirectJDKLog [main] Starting Servlet engine: [Apache Tomcat/9.0.36]
2020-07-04 11:52:17,240 INFO org.apache.juli.logging.DirectJDKLog [main] Initializing Spring embedded WebApplicationContext
2020-07-04 11:52:17,241 INFO org.springframework.boot.web.servlet.context.ServletWebServerApplicationContext [main] Root WebApplicationContext: initialization completed in 1136 ms
2020-07-04 11:52:17,472 INFO org.springframework.scheduling.concurrent.ExecutorConfigurationSupport [main] Initializing ExecutorService 'applicationTaskExecutor'
2020-07-04 11:52:17,746 INFO org.springframework.boot.actuate.endpoint.web.EndpointLinksResolver [main] Exposing 2 endpoint(s) beneath base path '/actuator'
2020-07-04 11:52:17,766 INFO org.apache.juli.logging.DirectJDKLog [main] Starting ProtocolHandler ["http-nio-9081"]
2020-07-04 11:52:17,786 INFO org.springframework.boot.web.embedded.tomcat.TomcatWebServer [main] Tomcat started on port(s): 9081 (http) with context path ''
2020-07-04 11:52:17,801 INFO org.springframework.boot.StartupInfoLogger [main] Started PiMentorBackendApplication in 2.149 seconds (JVM running for 3.027)
2020-07-04 12:12:11,408 INFO org.springframework.boot.admin.SpringApplicationAdminMXBeanRegistrar$SpringApplicationAdmin [RMI TCP Connection(2)-127.0.0.1] Application shutdown requested.
2020-07-04 12:12:11,745 INFO org.springframework.scheduling.concurrent.ExecutorConfigurationSupport [RMI TCP Connection(2)-127.0.0.1] Shutting down ExecutorService 'applicationTaskExecutor'
2020-07-04 12:12:23,222 INFO org.springframework.boot.StartupInfoLogger [main] Starting PiMentorBackendApplication on MKMONDAL-LAP with PID 6936 (C:\Users\mkmondal.ORADEV\eclipse-workspace\PiMentorBackend\target\classes started by mkmondal in C:\Users\mkmondal.ORADEV\eclipse-workspace\PiMentorBackend)
2020-07-04 12:12:23,228 DEBUG org.springframework.boot.StartupInfoLogger [main] Running with Spring Boot v2.3.1.RELEASE, Spring v5.2.7.RELEASE
2020-07-04 12:12:23,229 INFO org.springframework.boot.SpringApplication [main] No active profile set, falling back to default profiles: default
2020-07-04 12:12:24,910 INFO org.springframework.boot.web.embedded.tomcat.TomcatWebServer [main] Tomcat initialized with port(s): 9081 (http)
2020-07-04 12:12:24,921 INFO org.apache.juli.logging.DirectJDKLog [main] Initializing ProtocolHandler ["http-nio-9081"]
2020-07-04 12:12:24,923 INFO org.apache.juli.logging.DirectJDKLog [main] Starting service [Tomcat]
2020-07-04 12:12:24,923 INFO org.apache.juli.logging.DirectJDKLog [main] Starting Servlet engine: [Apache Tomcat/9.0.36]
2020-07-04 12:12:25,092 INFO org.apache.juli.logging.DirectJDKLog [main] Initializing Spring embedded WebApplicationContext
2020-07-04 12:12:25,092 INFO org.springframework.boot.web.servlet.context.ServletWebServerApplicationContext [main] Root WebApplicationContext: initialization completed in 1784 ms
2020-07-04 12:12:25,469 INFO org.springframework.scheduling.concurrent.ExecutorConfigurationSupport [main] Initializing ExecutorService 'applicationTaskExecutor'
2020-07-04 12:12:25,875 INFO org.springframework.boot.actuate.endpoint.web.EndpointLinksResolver [main] Exposing 2 endpoint(s) beneath base path '/actuator'
2020-07-04 12:12:25,904 INFO org.apache.juli.logging.DirectJDKLog [main] Starting ProtocolHandler ["http-nio-9081"]
2020-07-04 12:12:25,929 INFO org.springframework.boot.web.embedded.tomcat.TomcatWebServer [main] Tomcat started on port(s): 9081 (http) with context path ''
2020-07-04 12:12:25,946 INFO org.springframework.boot.StartupInfoLogger [main] Started PiMentorBackendApplication in 3.488 seconds (JVM running for 4.877)
2020-07-04 12:13:29,019 INFO org.springframework.boot.admin.SpringApplicationAdminMXBeanRegistrar$SpringApplicationAdmin [RMI TCP Connection(2)-127.0.0.1] Application shutdown requested.
2020-07-04 12:13:29,369 INFO org.springframework.scheduling.concurrent.ExecutorConfigurationSupport [RMI TCP Connection(2)-127.0.0.1] Shutting down ExecutorService 'applicationTaskExecutor'
2020-07-04 12:17:49,714 INFO org.springframework.boot.StartupInfoLogger [main] Starting PiMentorBackendApplication on MKMONDAL-LAP with PID 19992 (C:\Users\mkmondal.ORADEV\eclipse-workspace\PiMentorBackend\target\classes started by mkmondal in C:\Users\mkmondal.ORADEV\eclipse-workspace\PiMentorBackend)
2020-07-04 12:17:49,720 DEBUG org.springframework.boot.StartupInfoLogger [main] Running with Spring Boot v2.3.1.RELEASE, Spring v5.2.7.RELEASE
2020-07-04 12:17:49,721 INFO org.springframework.boot.SpringApplication [main] No active profile set, falling back to default profiles: default
2020-07-04 12:17:52,159 INFO org.springframework.boot.web.embedded.tomcat.TomcatWebServer [main] Tomcat initialized with port(s): 9081 (http)
2020-07-04 12:17:52,169 INFO org.apache.juli.logging.DirectJDKLog [main] Initializing ProtocolHandler ["http-nio-9081"]
2020-07-04 12:17:52,170 INFO org.apache.juli.logging.DirectJDKLog [main] Starting service [Tomcat]
2020-07-04 12:17:52,171 INFO org.apache.juli.logging.DirectJDKLog [main] Starting Servlet engine: [Apache Tomcat/9.0.36]
2020-07-04 12:17:52,312 INFO org.apache.juli.logging.DirectJDKLog [main] Initializing Spring embedded WebApplicationContext
2020-07-04 12:17:52,313 INFO org.springframework.boot.web.servlet.context.ServletWebServerApplicationContext [main] Root WebApplicationContext: initialization completed in 2510 ms
2020-07-04 12:17:52,629 INFO org.springframework.scheduling.concurrent.ExecutorConfigurationSupport [main] Initializing ExecutorService 'applicationTaskExecutor'
2020-07-04 12:17:53,030 INFO org.springframework.boot.actuate.endpoint.web.EndpointLinksResolver [main] Exposing 2 endpoint(s) beneath base path '/actuator'
2020-07-04 12:17:53,062 INFO org.apache.juli.logging.DirectJDKLog [main] Starting ProtocolHandler ["http-nio-9081"]
2020-07-04 12:17:53,102 INFO org.springframework.boot.web.embedded.tomcat.TomcatWebServer [main] Tomcat started on port(s): 9081 (http) with context path ''
2020-07-04 12:17:53,122 INFO org.springframework.boot.StartupInfoLogger [main] Started PiMentorBackendApplication in 4.125 seconds (JVM running for 5.719)
2020-07-04 12:18:46,262 INFO org.springframework.boot.StartupInfoLogger [main] Starting PiMentorBackendApplication on MKMONDAL-LAP with PID 7116 (C:\Users\mkmondal.ORADEV\eclipse-workspace\PiMentorBackend\target\classes started by mkmondal in C:\Users\mkmondal.ORADEV\eclipse-workspace\PiMentorBackend)
2020-07-04 12:18:46,268 DEBUG org.springframework.boot.StartupInfoLogger [main] Running with Spring Boot v2.3.1.RELEASE, Spring v5.2.7.RELEASE
2020-07-04 12:18:46,269 INFO org.springframework.boot.SpringApplication [main] No active profile set, falling back to default profiles: default
2020-07-04 12:18:47,937 INFO org.springframework.boot.web.embedded.tomcat.TomcatWebServer [main] Tomcat initialized with port(s): 9081 (http)
2020-07-04 12:18:47,948 INFO org.apache.juli.logging.DirectJDKLog [main] Initializing ProtocolHandler ["http-nio-9081"]
2020-07-04 12:18:47,949 INFO org.apache.juli.logging.DirectJDKLog [main] Starting service [Tomcat]
2020-07-04 12:18:47,950 INFO org.apache.juli.logging.DirectJDKLog [main] Starting Servlet engine: [Apache Tomcat/9.0.36]
2020-07-04 12:18:48,081 INFO org.apache.juli.logging.DirectJDKLog [main] Initializing Spring embedded WebApplicationContext
2020-07-04 12:18:48,082 INFO org.springframework.boot.web.servlet.context.ServletWebServerApplicationContext [main] Root WebApplicationContext: initialization completed in 1731 ms
2020-07-04 12:18:48,429 INFO org.springframework.scheduling.concurrent.ExecutorConfigurationSupport [main] Initializing ExecutorService 'applicationTaskExecutor'
2020-07-04 12:18:48,883 INFO org.springframework.boot.actuate.endpoint.web.EndpointLinksResolver [main] Exposing 2 endpoint(s) beneath base path '/actuator'
2020-07-04 12:18:48,924 INFO org.apache.juli.logging.DirectJDKLog [main] Starting ProtocolHandler ["http-nio-9081"]
2020-07-04 12:18:48,991 WARN org.springframework.context.support.AbstractApplicationContext [main] Exception encountered during context initialization - cancelling refresh attempt: org.springframework.context.ApplicationContextException: Failed to start bean 'webServerStartStop'; nested exception is org.springframework.boot.web.server.PortInUseException: Port 9081 is already in use
2020-07-04 12:18:48,993 WARN org.springframework.beans.factory.support.DisposableBeanAdapter [main] Invocation of destroy method failed on bean with name 'tomcatMetricsBinder': java.lang.NullPointerException
2020-07-04 12:18:48,997 INFO org.springframework.scheduling.concurrent.ExecutorConfigurationSupport [main] Shutting down ExecutorService 'applicationTaskExecutor'
2020-07-04 12:18:49,007 INFO org.apache.juli.logging.DirectJDKLog [main] Pausing ProtocolHandler ["http-nio-9081"]
2020-07-04 12:18:49,009 INFO org.apache.juli.logging.DirectJDKLog [main] Stopping service [Tomcat]
2020-07-04 12:18:49,031 INFO org.apache.juli.logging.DirectJDKLog [main] Stopping ProtocolHandler ["http-nio-9081"]
2020-07-04 12:18:49,033 INFO org.apache.juli.logging.DirectJDKLog [main] Destroying ProtocolHandler ["http-nio-9081"]
2020-07-04 12:18:49,067 INFO org.springframework.boot.autoconfigure.logging.ConditionEvaluationReportLoggingListener [main] 

Error starting ApplicationContext. To display the conditions report re-run your application with 'debug' enabled.
2020-07-04 12:18:49,082 ERROR org.springframework.boot.diagnostics.LoggingFailureAnalysisReporter [main] 

***************************
APPLICATION FAILED TO START
***************************

Description:

Web server failed to start. Port 9081 was already in use.

Action:

Identify and stop the process that's listening on port 9081 or configure this application to listen on another port.

2020-07-04 12:19:09,471 INFO org.springframework.boot.StartupInfoLogger [main] Starting PiMentorBackendApplication on MKMONDAL-LAP with PID 21052 (C:\Users\mkmondal.ORADEV\eclipse-workspace\PiMentorBackend\target\classes started by mkmondal in C:\Users\mkmondal.ORADEV\eclipse-workspace\PiMentorBackend)
2020-07-04 12:19:09,479 DEBUG org.springframework.boot.StartupInfoLogger [main] Running with Spring Boot v2.3.1.RELEASE, Spring v5.2.7.RELEASE
2020-07-04 12:19:09,481 INFO org.springframework.boot.SpringApplication [main] No active profile set, falling back to default profiles: default
2020-07-04 12:19:11,679 INFO org.springframework.boot.web.embedded.tomcat.TomcatWebServer [main] Tomcat initialized with port(s): 9082 (http)
2020-07-04 12:19:11,695 INFO org.apache.juli.logging.DirectJDKLog [main] Initializing ProtocolHandler ["http-nio-9082"]
2020-07-04 12:19:11,696 INFO org.apache.juli.logging.DirectJDKLog [main] Starting service [Tomcat]
2020-07-04 12:19:11,696 INFO org.apache.juli.logging.DirectJDKLog [main] Starting Servlet engine: [Apache Tomcat/9.0.36]
2020-07-04 12:19:11,915 INFO org.apache.juli.logging.DirectJDKLog [main] Initializing Spring embedded WebApplicationContext
2020-07-04 12:19:11,916 INFO org.springframework.boot.web.servlet.context.ServletWebServerApplicationContext [main] Root WebApplicationContext: initialization completed in 2354 ms
2020-07-04 12:19:12,369 INFO org.springframework.scheduling.concurrent.ExecutorConfigurationSupport [main] Initializing ExecutorService 'applicationTaskExecutor'
2020-07-04 12:19:12,891 INFO org.springframework.boot.actuate.endpoint.web.EndpointLinksResolver [main] Exposing 2 endpoint(s) beneath base path '/actuator'
2020-07-04 12:19:12,934 INFO org.apache.juli.logging.DirectJDKLog [main] Starting ProtocolHandler ["http-nio-9082"]
2020-07-04 12:19:12,977 INFO org.springframework.boot.web.embedded.tomcat.TomcatWebServer [main] Tomcat started on port(s): 9082 (http) with context path ''
2020-07-04 12:19:13,006 INFO org.springframework.boot.StartupInfoLogger [main] Started PiMentorBackendApplication in 4.38 seconds (JVM running for 7.034)
2020-07-04 12:19:23,685 INFO org.apache.juli.logging.DirectJDKLog [http-nio-9082-exec-1] Initializing Spring DispatcherServlet 'dispatcherServlet'
2020-07-04 12:19:23,688 INFO org.springframework.web.servlet.FrameworkServlet [http-nio-9082-exec-1] Initializing Servlet 'dispatcherServlet'
2020-07-04 12:19:23,701 INFO org.springframework.web.servlet.FrameworkServlet [http-nio-9082-exec-1] Completed initialization in 12 ms
2020-07-04 12:19:23,779 DEBUG com.org.pimentorbackend.controller.LoginController [http-nio-9082-exec-1] inside login
2020-07-04 12:20:21,731 INFO org.springframework.boot.admin.SpringApplicationAdminMXBeanRegistrar$SpringApplicationAdmin [RMI TCP Connection(2)-127.0.0.1] Application shutdown requested.
2020-07-04 12:20:22,203 INFO org.springframework.scheduling.concurrent.ExecutorConfigurationSupport [RMI TCP Connection(2)-127.0.0.1] Shutting down ExecutorService 'applicationTaskExecutor'
2020-07-04 12:27:20,906 INFO org.springframework.boot.StartupInfoLogger [main] Starting PiMentorBackendApplication on MKMONDAL-LAP with PID 21464 (C:\Users\mkmondal.ORADEV\eclipse-workspace\PiMentorBackend\target\classes started by mkmondal in C:\Users\mkmondal.ORADEV\eclipse-workspace\PiMentorBackend)
2020-07-04 12:27:20,911 DEBUG org.springframework.boot.StartupInfoLogger [main] Running with Spring Boot v2.3.1.RELEASE, Spring v5.2.7.RELEASE
2020-07-04 12:27:20,912 INFO org.springframework.boot.SpringApplication [main] No active profile set, falling back to default profiles: default
2020-07-04 12:27:22,630 INFO org.springframework.boot.web.embedded.tomcat.TomcatWebServer [main] Tomcat initialized with port(s): 9082 (http)
2020-07-04 12:27:22,645 INFO org.apache.juli.logging.DirectJDKLog [main] Initializing ProtocolHandler ["http-nio-9082"]
2020-07-04 12:27:22,646 INFO org.apache.juli.logging.DirectJDKLog [main] Starting service [Tomcat]
2020-07-04 12:27:22,646 INFO org.apache.juli.logging.DirectJDKLog [main] Starting Servlet engine: [Apache Tomcat/9.0.36]
2020-07-04 12:27:22,786 INFO org.apache.juli.logging.DirectJDKLog [main] Initializing Spring embedded WebApplicationContext
2020-07-04 12:27:22,787 INFO org.springframework.boot.web.servlet.context.ServletWebServerApplicationContext [main] Root WebApplicationContext: initialization completed in 1825 ms
2020-07-04 12:27:23,105 INFO org.springframework.scheduling.concurrent.ExecutorConfigurationSupport [main] Initializing ExecutorService 'applicationTaskExecutor'
2020-07-04 12:27:23,501 INFO org.springframework.boot.actuate.endpoint.web.EndpointLinksResolver [main] Exposing 2 endpoint(s) beneath base path '/actuator'
2020-07-04 12:27:23,547 INFO org.apache.juli.logging.DirectJDKLog [main] Starting ProtocolHandler ["http-nio-9082"]
2020-07-04 12:27:23,590 INFO org.springframework.boot.web.embedded.tomcat.TomcatWebServer [main] Tomcat started on port(s): 9082 (http) with context path ''
2020-07-04 12:27:23,609 INFO org.springframework.boot.StartupInfoLogger [main] Started PiMentorBackendApplication in 3.274 seconds (JVM running for 5.143)
2020-07-04 12:27:51,789 INFO org.apache.juli.logging.DirectJDKLog [http-nio-9082-exec-1] Initializing Spring DispatcherServlet 'dispatcherServlet'
2020-07-04 12:27:51,791 INFO org.springframework.web.servlet.FrameworkServlet [http-nio-9082-exec-1] Initializing Servlet 'dispatcherServlet'
2020-07-04 12:27:51,797 INFO org.springframework.web.servlet.FrameworkServlet [http-nio-9082-exec-1] Completed initialization in 6 ms
2020-07-04 12:36:38,595 INFO org.springframework.boot.admin.SpringApplicationAdminMXBeanRegistrar$SpringApplicationAdmin [RMI TCP Connection(2)-127.0.0.1] Application shutdown requested.
2020-07-04 12:36:38,793 INFO org.springframework.scheduling.concurrent.ExecutorConfigurationSupport [RMI TCP Connection(2)-127.0.0.1] Shutting down ExecutorService 'applicationTaskExecutor'
2020-07-04 12:36:41,260 INFO org.springframework.boot.admin.SpringApplicationAdminMXBeanRegistrar$SpringApplicationAdmin [RMI TCP Connection(2)-127.0.0.1] Application shutdown requested.
2020-07-04 12:36:41,523 INFO org.springframework.scheduling.concurrent.ExecutorConfigurationSupport [RMI TCP Connection(2)-127.0.0.1] Shutting down ExecutorService 'applicationTaskExecutor'
