2020-07-12 11:37:17,218 INFO org.springframework.boot.StartupInfoLogger [main] Starting PiMentorBackendApplication on MKMONDAL-LAP with PID 24664 (C:\Users\mkmondal.ORADEV\eclipse-workspace\PiMentorBackend\target\classes started by mkmondal in C:\Users\mkmondal.ORADEV\eclipse-workspace\PiMentorBackend)
2020-07-12 11:37:17,224 DEBUG org.springframework.boot.StartupInfoLogger [main] Running with Spring Boot v2.3.1.RELEASE, Spring v5.2.7.RELEASE
2020-07-12 11:37:17,224 INFO org.springframework.boot.SpringApplication [main] No active profile set, falling back to default profiles: default
2020-07-12 11:37:18,495 INFO org.springframework.data.repository.config.RepositoryConfigurationDelegate [main] Bootstrapping Spring Data JPA repositories in DEFERRED mode.
2020-07-12 11:37:18,602 INFO org.springframework.data.repository.config.RepositoryConfigurationDelegate [main] Finished Spring Data repository scanning in 92ms. Found 1 JPA repository interfaces.
2020-07-12 11:37:19,150 INFO org.springframework.boot.web.embedded.tomcat.TomcatWebServer [main] Tomcat initialized with port(s): 9082 (http)
2020-07-12 11:37:19,160 INFO org.apache.juli.logging.DirectJDKLog [main] Initializing ProtocolHandler ["http-nio-9082"]
2020-07-12 11:37:19,161 INFO org.apache.juli.logging.DirectJDKLog [main] Starting service [Tomcat]
2020-07-12 11:37:19,161 INFO org.apache.juli.logging.DirectJDKLog [main] Starting Servlet engine: [Apache Tomcat/9.0.36]
2020-07-12 11:37:19,326 INFO org.apache.juli.logging.DirectJDKLog [main] Initializing Spring embedded WebApplicationContext
2020-07-12 11:37:19,326 INFO org.springframework.boot.web.servlet.context.ServletWebServerApplicationContext [main] Root WebApplicationContext: initialization completed in 2064 ms
2020-07-12 11:37:19,585 INFO org.springframework.scheduling.concurrent.ExecutorConfigurationSupport [main] Initializing ExecutorService 'applicationTaskExecutor'
2020-07-12 11:37:19,595 INFO com.zaxxer.hikari.HikariDataSource [main] HikariPool-1 - Starting...
2020-07-12 11:37:19,766 INFO com.zaxxer.hikari.HikariDataSource [main] HikariPool-1 - Start completed.
2020-07-12 11:37:19,841 INFO org.hibernate.jpa.internal.util.LogHelper [task-1] HHH000204: Processing PersistenceUnitInfo [name: default]
2020-07-12 11:37:19,927 INFO org.hibernate.Version [task-1] HHH000412: Hibernate ORM core version 5.4.17.Final
2020-07-12 11:37:20,014 WARN org.springframework.boot.autoconfigure.orm.jpa.JpaBaseConfiguration$JpaWebConfiguration [main] spring.jpa.open-in-view is enabled by default. Therefore, database queries may be performed during view rendering. Explicitly configure spring.jpa.open-in-view to disable this warning
2020-07-12 11:37:20,115 INFO org.hibernate.annotations.common.reflection.java.JavaReflectionManager [task-1] HCANN000001: Hibernate Commons Annotations {5.1.0.Final}
2020-07-12 11:37:20,268 INFO org.hibernate.dialect.Dialect [task-1] HHH000400: Using dialect: org.hibernate.dialect.MySQL8Dialect
2020-07-12 11:37:20,935 INFO org.hibernate.engine.transaction.jta.platform.internal.JtaPlatformInitiator [task-1] HHH000490: Using JtaPlatform implementation: [org.hibernate.engine.transaction.jta.platform.internal.NoJtaPlatform]
2020-07-12 11:37:20,944 INFO org.springframework.orm.jpa.AbstractEntityManagerFactoryBean [task-1] Initialized JPA EntityManagerFactory for persistence unit 'default'
2020-07-12 11:37:21,071 INFO org.springframework.security.web.DefaultSecurityFilterChain [main] Creating filter chain: any request, [org.springframework.security.web.context.request.async.WebAsyncManagerIntegrationFilter@77d0dbba, org.springframework.security.web.context.SecurityContextPersistenceFilter@6cc8c13c, org.springframework.security.web.header.HeaderWriterFilter@603d25db, org.springframework.security.web.authentication.logout.LogoutFilter@7d626f2, org.springframework.security.web.authentication.www.BasicAuthenticationFilter@7d7b4e04, org.springframework.security.web.savedrequest.RequestCacheAwareFilter@b32e983, org.springframework.security.web.servletapi.SecurityContextHolderAwareRequestFilter@17d816b3, org.springframework.security.web.authentication.AnonymousAuthenticationFilter@70b196d3, org.springframework.security.web.session.SessionManagementFilter@652b3733, org.springframework.security.web.access.ExceptionTranslationFilter@1bbb42b4, org.springframework.security.web.access.intercept.FilterSecurityInterceptor@3a70575]
2020-07-12 11:37:21,317 INFO org.springframework.boot.actuate.endpoint.web.EndpointLinksResolver [main] Exposing 2 endpoint(s) beneath base path '/actuator'
2020-07-12 11:37:21,347 INFO org.apache.juli.logging.DirectJDKLog [main] Starting ProtocolHandler ["http-nio-9082"]
2020-07-12 11:37:21,381 INFO org.springframework.boot.web.embedded.tomcat.TomcatWebServer [main] Tomcat started on port(s): 9082 (http) with context path ''
2020-07-12 11:37:21,383 INFO org.springframework.data.repository.config.DeferredRepositoryInitializationListener [main] Triggering deferred initialization of Spring Data repositories…
2020-07-12 11:37:21,636 INFO org.springframework.data.repository.config.DeferredRepositoryInitializationListener [main] Spring Data repositories initialized!
2020-07-12 11:37:21,650 INFO org.springframework.scheduling.annotation.ScheduledAnnotationBeanPostProcessor [main] No TaskScheduler/ScheduledExecutorService bean found for scheduled processing
2020-07-12 11:37:21,659 INFO org.springframework.boot.StartupInfoLogger [main] Started PiMentorBackendApplication in 4.999 seconds (JVM running for 5.963)
2020-07-12 11:38:04,429 INFO org.springframework.boot.admin.SpringApplicationAdminMXBeanRegistrar$SpringApplicationAdmin [RMI TCP Connection(2)-127.0.0.1] Application shutdown requested.
2020-07-12 11:38:04,642 INFO org.springframework.orm.jpa.AbstractEntityManagerFactoryBean [RMI TCP Connection(2)-127.0.0.1] Closing JPA EntityManagerFactory for persistence unit 'default'
2020-07-12 11:38:04,644 INFO org.springframework.scheduling.concurrent.ExecutorConfigurationSupport [RMI TCP Connection(2)-127.0.0.1] Shutting down ExecutorService 'applicationTaskExecutor'
2020-07-12 11:38:04,645 INFO com.zaxxer.hikari.HikariDataSource [RMI TCP Connection(2)-127.0.0.1] HikariPool-1 - Shutdown initiated...
2020-07-12 11:38:04,654 INFO com.zaxxer.hikari.HikariDataSource [RMI TCP Connection(2)-127.0.0.1] HikariPool-1 - Shutdown completed.
2020-07-12 11:38:36,370 INFO org.springframework.boot.StartupInfoLogger [main] Starting PiMentorBackendApplication on MKMONDAL-LAP with PID 21988 (C:\Users\mkmondal.ORADEV\eclipse-workspace\PiMentorBackend\target\classes started by mkmondal in C:\Users\mkmondal.ORADEV\eclipse-workspace\PiMentorBackend)
2020-07-12 11:38:36,372 DEBUG org.springframework.boot.StartupInfoLogger [main] Running with Spring Boot v2.3.1.RELEASE, Spring v5.2.7.RELEASE
2020-07-12 11:38:36,373 INFO org.springframework.boot.SpringApplication [main] No active profile set, falling back to default profiles: default
2020-07-12 11:38:37,467 INFO org.springframework.data.repository.config.RepositoryConfigurationDelegate [main] Bootstrapping Spring Data JPA repositories in DEFERRED mode.
2020-07-12 11:38:37,560 INFO org.springframework.data.repository.config.RepositoryConfigurationDelegate [main] Finished Spring Data repository scanning in 85ms. Found 1 JPA repository interfaces.
2020-07-12 11:38:38,051 INFO org.springframework.boot.web.embedded.tomcat.TomcatWebServer [main] Tomcat initialized with port(s): 9082 (http)
2020-07-12 11:38:38,058 INFO org.apache.juli.logging.DirectJDKLog [main] Initializing ProtocolHandler ["http-nio-9082"]
2020-07-12 11:38:38,059 INFO org.apache.juli.logging.DirectJDKLog [main] Starting service [Tomcat]
2020-07-12 11:38:38,059 INFO org.apache.juli.logging.DirectJDKLog [main] Starting Servlet engine: [Apache Tomcat/9.0.36]
2020-07-12 11:38:38,224 INFO org.apache.juli.logging.DirectJDKLog [main] Initializing Spring embedded WebApplicationContext
2020-07-12 11:38:38,224 INFO org.springframework.boot.web.servlet.context.ServletWebServerApplicationContext [main] Root WebApplicationContext: initialization completed in 1805 ms
2020-07-12 11:38:38,455 INFO org.springframework.scheduling.concurrent.ExecutorConfigurationSupport [main] Initializing ExecutorService 'applicationTaskExecutor'
2020-07-12 11:38:38,465 INFO com.zaxxer.hikari.HikariDataSource [main] HikariPool-1 - Starting...
2020-07-12 11:38:38,601 INFO com.zaxxer.hikari.HikariDataSource [main] HikariPool-1 - Start completed.
2020-07-12 11:38:38,697 INFO org.hibernate.jpa.internal.util.LogHelper [task-1] HHH000204: Processing PersistenceUnitInfo [name: default]
2020-07-12 11:38:38,762 INFO org.hibernate.Version [task-1] HHH000412: Hibernate ORM core version 5.4.17.Final
2020-07-12 11:38:38,930 WARN org.springframework.boot.autoconfigure.orm.jpa.JpaBaseConfiguration$JpaWebConfiguration [main] spring.jpa.open-in-view is enabled by default. Therefore, database queries may be performed during view rendering. Explicitly configure spring.jpa.open-in-view to disable this warning
2020-07-12 11:38:38,999 INFO org.hibernate.annotations.common.reflection.java.JavaReflectionManager [task-1] HCANN000001: Hibernate Commons Annotations {5.1.0.Final}
2020-07-12 11:38:39,128 INFO org.hibernate.dialect.Dialect [task-1] HHH000400: Using dialect: org.hibernate.dialect.MySQL8Dialect
2020-07-12 11:38:39,691 INFO org.hibernate.engine.transaction.jta.platform.internal.JtaPlatformInitiator [task-1] HHH000490: Using JtaPlatform implementation: [org.hibernate.engine.transaction.jta.platform.internal.NoJtaPlatform]
2020-07-12 11:38:39,699 INFO org.springframework.orm.jpa.AbstractEntityManagerFactoryBean [task-1] Initialized JPA EntityManagerFactory for persistence unit 'default'
2020-07-12 11:38:39,804 INFO org.springframework.security.web.DefaultSecurityFilterChain [main] Creating filter chain: any request, [org.springframework.security.web.context.request.async.WebAsyncManagerIntegrationFilter@39e3ea78, org.springframework.security.web.context.SecurityContextPersistenceFilter@38cf3ae1, org.springframework.security.web.header.HeaderWriterFilter@5560b64d, org.springframework.security.web.authentication.logout.LogoutFilter@598778cc, org.springframework.security.web.authentication.www.BasicAuthenticationFilter@6b091a92, org.springframework.security.web.savedrequest.RequestCacheAwareFilter@11228bee, org.springframework.security.web.servletapi.SecurityContextHolderAwareRequestFilter@7a1ddbf1, org.springframework.security.web.authentication.AnonymousAuthenticationFilter@35e689a0, org.springframework.security.web.session.SessionManagementFilter@54daf8f9, org.springframework.security.web.access.ExceptionTranslationFilter@126675fd, org.springframework.security.web.access.intercept.FilterSecurityInterceptor@59f3426f]
2020-07-12 11:38:39,868 INFO org.springframework.boot.actuate.endpoint.web.EndpointLinksResolver [main] Exposing 2 endpoint(s) beneath base path '/actuator'
2020-07-12 11:38:39,903 INFO org.apache.juli.logging.DirectJDKLog [main] Starting ProtocolHandler ["http-nio-9082"]
2020-07-12 11:38:39,926 INFO org.springframework.boot.web.embedded.tomcat.TomcatWebServer [main] Tomcat started on port(s): 9082 (http) with context path ''
2020-07-12 11:38:39,928 INFO org.springframework.data.repository.config.DeferredRepositoryInitializationListener [main] Triggering deferred initialization of Spring Data repositories…
2020-07-12 11:38:40,152 INFO org.springframework.data.repository.config.DeferredRepositoryInitializationListener [main] Spring Data repositories initialized!
2020-07-12 11:38:40,163 INFO org.springframework.scheduling.annotation.ScheduledAnnotationBeanPostProcessor [main] No TaskScheduler/ScheduledExecutorService bean found for scheduled processing
2020-07-12 11:38:40,171 INFO org.springframework.boot.StartupInfoLogger [main] Started PiMentorBackendApplication in 4.208 seconds (JVM running for 5.195)
2020-07-12 11:39:06,119 INFO org.apache.juli.logging.DirectJDKLog [http-nio-9082-exec-1] Initializing Spring DispatcherServlet 'dispatcherServlet'
2020-07-12 11:39:06,120 INFO org.springframework.web.servlet.FrameworkServlet [http-nio-9082-exec-1] Initializing Servlet 'dispatcherServlet'
2020-07-12 11:39:06,129 INFO org.springframework.web.servlet.FrameworkServlet [http-nio-9082-exec-1] Completed initialization in 9 ms
2020-07-12 11:39:19,233 DEBUG com.org.pimentorbackend.controller.login.signup.LoginController [http-nio-9082-exec-2] inside login
2020-07-12 11:39:19,297 WARN org.hibernate.engine.jdbc.spi.SqlExceptionHelper [http-nio-9082-exec-2] SQL Error: 1054, SQLState: 42S22
2020-07-12 11:39:19,297 ERROR org.hibernate.engine.jdbc.spi.SqlExceptionHelper [http-nio-9082-exec-2] Unknown column 'u.passWord' in 'where clause'
2020-07-12 11:39:19,332 ERROR org.apache.juli.logging.DirectJDKLog [http-nio-9082-exec-2] Servlet.service() for servlet [dispatcherServlet] in context with path [] threw exception [Request processing failed; nested exception is org.springframework.dao.InvalidDataAccessResourceUsageException: could not extract ResultSet; SQL [n/a]; nested exception is org.hibernate.exception.SQLGrammarException: could not extract ResultSet] with root cause
java.sql.SQLSyntaxErrorException: Unknown column 'u.passWord' in 'where clause'
	at com.mysql.cj.jdbc.exceptions.SQLError.createSQLException(SQLError.java:120)
	at com.mysql.cj.jdbc.exceptions.SQLError.createSQLException(SQLError.java:97)
	at com.mysql.cj.jdbc.exceptions.SQLExceptionsMapping.translateException(SQLExceptionsMapping.java:122)
	at com.mysql.cj.jdbc.ClientPreparedStatement.executeInternal(ClientPreparedStatement.java:953)
	at com.mysql.cj.jdbc.ClientPreparedStatement.executeQuery(ClientPreparedStatement.java:1003)
	at com.zaxxer.hikari.pool.ProxyPreparedStatement.executeQuery(ProxyPreparedStatement.java:52)
	at com.zaxxer.hikari.pool.HikariProxyPreparedStatement.executeQuery(HikariProxyPreparedStatement.java)
	at org.hibernate.engine.jdbc.internal.ResultSetReturnImpl.extract(ResultSetReturnImpl.java:57)
	at org.hibernate.loader.Loader.getResultSet(Loader.java:2285)
	at org.hibernate.loader.Loader.executeQueryStatement(Loader.java:2038)
	at org.hibernate.loader.Loader.executeQueryStatement(Loader.java:2000)
	at org.hibernate.loader.Loader.doQuery(Loader.java:951)
	at org.hibernate.loader.Loader.doQueryAndInitializeNonLazyCollections(Loader.java:352)
	at org.hibernate.loader.Loader.doList(Loader.java:2831)
	at org.hibernate.loader.Loader.doList(Loader.java:2813)
	at org.hibernate.loader.Loader.listIgnoreQueryCache(Loader.java:2645)
	at org.hibernate.loader.Loader.list(Loader.java:2640)
	at org.hibernate.loader.custom.CustomLoader.list(CustomLoader.java:338)
	at org.hibernate.internal.SessionImpl.listCustomQuery(SessionImpl.java:2139)
	at org.hibernate.internal.AbstractSharedSessionContract.list(AbstractSharedSessionContract.java:1163)
	at org.hibernate.query.internal.NativeQueryImpl.doList(NativeQueryImpl.java:173)
	at org.hibernate.query.internal.AbstractProducedQuery.list(AbstractProducedQuery.java:1533)
	at org.hibernate.query.Query.getResultList(Query.java:165)
	at org.springframework.data.jpa.repository.query.JpaQueryExecution$CollectionExecution.doExecute(JpaQueryExecution.java:126)
	at org.springframework.data.jpa.repository.query.JpaQueryExecution.execute(JpaQueryExecution.java:88)
	at org.springframework.data.jpa.repository.query.AbstractJpaQuery.doExecute(AbstractJpaQuery.java:154)
	at org.springframework.data.jpa.repository.query.AbstractJpaQuery.execute(AbstractJpaQuery.java:142)
	at org.springframework.data.repository.core.support.QueryExecutorMethodInterceptor$QueryMethodInvoker.invoke(QueryExecutorMethodInterceptor.java:195)
	at org.springframework.data.repository.core.support.QueryExecutorMethodInterceptor.doInvoke(QueryExecutorMethodInterceptor.java:152)
	at org.springframework.data.repository.core.support.QueryExecutorMethodInterceptor.invoke(QueryExecutorMethodInterceptor.java:130)
	at org.springframework.aop.framework.ReflectiveMethodInvocation.proceed(ReflectiveMethodInvocation.java:186)
	at org.springframework.transaction.interceptor.TransactionAspectSupport.invokeWithinTransaction(TransactionAspectSupport.java:367)
	at org.springframework.transaction.interceptor.TransactionInterceptor.invoke(TransactionInterceptor.java:118)
	at org.springframework.aop.framework.ReflectiveMethodInvocation.proceed(ReflectiveMethodInvocation.java:186)
	at org.springframework.dao.support.PersistenceExceptionTranslationInterceptor.invoke(PersistenceExceptionTranslationInterceptor.java:139)
	at org.springframework.aop.framework.ReflectiveMethodInvocation.proceed(ReflectiveMethodInvocation.java:186)
	at org.springframework.data.jpa.repository.support.CrudMethodMetadataPostProcessor$CrudMethodMetadataPopulatingMethodInterceptor.invoke(CrudMethodMetadataPostProcessor.java:149)
	at org.springframework.aop.framework.ReflectiveMethodInvocation.proceed(ReflectiveMethodInvocation.java:186)
	at org.springframework.aop.interceptor.ExposeInvocationInterceptor.invoke(ExposeInvocationInterceptor.java:95)
	at org.springframework.aop.framework.ReflectiveMethodInvocation.proceed(ReflectiveMethodInvocation.java:186)
	at org.springframework.aop.framework.JdkDynamicAopProxy.invoke(JdkDynamicAopProxy.java:212)
	at com.sun.proxy.$Proxy123.loginUser(Unknown Source)
	at java.base/jdk.internal.reflect.NativeMethodAccessorImpl.invoke0(Native Method)
	at java.base/jdk.internal.reflect.NativeMethodAccessorImpl.invoke(NativeMethodAccessorImpl.java:62)
	at java.base/jdk.internal.reflect.DelegatingMethodAccessorImpl.invoke(DelegatingMethodAccessorImpl.java:43)
	at java.base/java.lang.reflect.Method.invoke(Method.java:566)
	at org.springframework.aop.support.AopUtils.invokeJoinpointUsingReflection(AopUtils.java:344)
	at org.springframework.aop.framework.JdkDynamicAopProxy.invoke(JdkDynamicAopProxy.java:205)
	at com.sun.proxy.$Proxy91.loginUser(Unknown Source)
	at com.org.pimentorbackend.service.login.UserLoginService.logInUser(UserLoginService.java:22)
	at com.org.pimentorbackend.controller.login.signup.LoginController.logInUser(LoginController.java:26)
	at java.base/jdk.internal.reflect.NativeMethodAccessorImpl.invoke0(Native Method)
	at java.base/jdk.internal.reflect.NativeMethodAccessorImpl.invoke(NativeMethodAccessorImpl.java:62)
	at java.base/jdk.internal.reflect.DelegatingMethodAccessorImpl.invoke(DelegatingMethodAccessorImpl.java:43)
	at java.base/java.lang.reflect.Method.invoke(Method.java:566)
	at org.springframework.web.method.support.InvocableHandlerMethod.doInvoke(InvocableHandlerMethod.java:190)
	at org.springframework.web.method.support.InvocableHandlerMethod.invokeForRequest(InvocableHandlerMethod.java:138)
	at org.springframework.web.servlet.mvc.method.annotation.ServletInvocableHandlerMethod.invokeAndHandle(ServletInvocableHandlerMethod.java:105)
	at org.springframework.web.servlet.mvc.method.annotation.RequestMappingHandlerAdapter.invokeHandlerMethod(RequestMappingHandlerAdapter.java:879)
	at org.springframework.web.servlet.mvc.method.annotation.RequestMappingHandlerAdapter.handleInternal(RequestMappingHandlerAdapter.java:793)
	at org.springframework.web.servlet.mvc.method.AbstractHandlerMethodAdapter.handle(AbstractHandlerMethodAdapter.java:87)
	at org.springframework.web.servlet.DispatcherServlet.doDispatch(DispatcherServlet.java:1040)
	at org.springframework.web.servlet.DispatcherServlet.doService(DispatcherServlet.java:943)
	at org.springframework.web.servlet.FrameworkServlet.processRequest(FrameworkServlet.java:1006)
	at org.springframework.web.servlet.FrameworkServlet.doPost(FrameworkServlet.java:909)
	at javax.servlet.http.HttpServlet.service(HttpServlet.java:660)
	at org.springframework.web.servlet.FrameworkServlet.service(FrameworkServlet.java:883)
	at javax.servlet.http.HttpServlet.service(HttpServlet.java:741)
	at org.apache.catalina.core.ApplicationFilterChain.internalDoFilter(ApplicationFilterChain.java:231)
	at org.apache.catalina.core.ApplicationFilterChain.doFilter(ApplicationFilterChain.java:166)
	at org.apache.tomcat.websocket.server.WsFilter.doFilter(WsFilter.java:53)
	at org.apache.catalina.core.ApplicationFilterChain.internalDoFilter(ApplicationFilterChain.java:193)
	at org.apache.catalina.core.ApplicationFilterChain.doFilter(ApplicationFilterChain.java:166)
	at org.springframework.security.web.FilterChainProxy$VirtualFilterChain.doFilter(FilterChainProxy.java:320)
	at org.springframework.security.web.access.intercept.FilterSecurityInterceptor.invoke(FilterSecurityInterceptor.java:126)
	at org.springframework.security.web.access.intercept.FilterSecurityInterceptor.doFilter(FilterSecurityInterceptor.java:90)
	at org.springframework.security.web.FilterChainProxy$VirtualFilterChain.doFilter(FilterChainProxy.java:334)
	at org.springframework.security.web.access.ExceptionTranslationFilter.doFilter(ExceptionTranslationFilter.java:118)
	at org.springframework.security.web.FilterChainProxy$VirtualFilterChain.doFilter(FilterChainProxy.java:334)
	at org.springframework.security.web.session.SessionManagementFilter.doFilter(SessionManagementFilter.java:137)
	at org.springframework.security.web.FilterChainProxy$VirtualFilterChain.doFilter(FilterChainProxy.java:334)
	at org.springframework.security.web.authentication.AnonymousAuthenticationFilter.doFilter(AnonymousAuthenticationFilter.java:111)
	at org.springframework.security.web.FilterChainProxy$VirtualFilterChain.doFilter(FilterChainProxy.java:334)
	at org.springframework.security.web.servletapi.SecurityContextHolderAwareRequestFilter.doFilter(SecurityContextHolderAwareRequestFilter.java:158)
	at org.springframework.security.web.FilterChainProxy$VirtualFilterChain.doFilter(FilterChainProxy.java:334)
	at org.springframework.security.web.savedrequest.RequestCacheAwareFilter.doFilter(RequestCacheAwareFilter.java:63)
	at org.springframework.security.web.FilterChainProxy$VirtualFilterChain.doFilter(FilterChainProxy.java:334)
	at org.springframework.security.web.authentication.www.BasicAuthenticationFilter.doFilterInternal(BasicAuthenticationFilter.java:204)
	at org.springframework.web.filter.OncePerRequestFilter.doFilter(OncePerRequestFilter.java:119)
	at org.springframework.security.web.FilterChainProxy$VirtualFilterChain.doFilter(FilterChainProxy.java:334)
	at org.springframework.security.web.authentication.logout.LogoutFilter.doFilter(LogoutFilter.java:116)
	at org.springframework.security.web.FilterChainProxy$VirtualFilterChain.doFilter(FilterChainProxy.java:334)
	at org.springframework.security.web.header.HeaderWriterFilter.doHeadersAfter(HeaderWriterFilter.java:92)
	at org.springframework.security.web.header.HeaderWriterFilter.doFilterInternal(HeaderWriterFilter.java:77)
	at org.springframework.web.filter.OncePerRequestFilter.doFilter(OncePerRequestFilter.java:119)
	at org.springframework.security.web.FilterChainProxy$VirtualFilterChain.doFilter(FilterChainProxy.java:334)
	at org.springframework.security.web.context.SecurityContextPersistenceFilter.doFilter(SecurityContextPersistenceFilter.java:105)
	at org.springframework.security.web.FilterChainProxy$VirtualFilterChain.doFilter(FilterChainProxy.java:334)
	at org.springframework.security.web.context.request.async.WebAsyncManagerIntegrationFilter.doFilterInternal(WebAsyncManagerIntegrationFilter.java:56)
	at org.springframework.web.filter.OncePerRequestFilter.doFilter(OncePerRequestFilter.java:119)
	at org.springframework.security.web.FilterChainProxy$VirtualFilterChain.doFilter(FilterChainProxy.java:334)
	at org.springframework.security.web.FilterChainProxy.doFilterInternal(FilterChainProxy.java:215)
	at org.springframework.security.web.FilterChainProxy.doFilter(FilterChainProxy.java:178)
	at org.springframework.web.filter.DelegatingFilterProxy.invokeDelegate(DelegatingFilterProxy.java:358)
	at org.springframework.web.filter.DelegatingFilterProxy.doFilter(DelegatingFilterProxy.java:271)
	at org.apache.catalina.core.ApplicationFilterChain.internalDoFilter(ApplicationFilterChain.java:193)
	at org.apache.catalina.core.ApplicationFilterChain.doFilter(ApplicationFilterChain.java:166)
	at org.springframework.web.filter.RequestContextFilter.doFilterInternal(RequestContextFilter.java:100)
	at org.springframework.web.filter.OncePerRequestFilter.doFilter(OncePerRequestFilter.java:119)
	at org.apache.catalina.core.ApplicationFilterChain.internalDoFilter(ApplicationFilterChain.java:193)
	at org.apache.catalina.core.ApplicationFilterChain.doFilter(ApplicationFilterChain.java:166)
	at org.springframework.web.filter.FormContentFilter.doFilterInternal(FormContentFilter.java:93)
	at org.springframework.web.filter.OncePerRequestFilter.doFilter(OncePerRequestFilter.java:119)
	at org.apache.catalina.core.ApplicationFilterChain.internalDoFilter(ApplicationFilterChain.java:193)
	at org.apache.catalina.core.ApplicationFilterChain.doFilter(ApplicationFilterChain.java:166)
	at org.springframework.session.web.http.SessionRepositoryFilter.doFilterInternal(SessionRepositoryFilter.java:141)
	at org.springframework.session.web.http.OncePerRequestFilter.doFilter(OncePerRequestFilter.java:82)
	at org.apache.catalina.core.ApplicationFilterChain.internalDoFilter(ApplicationFilterChain.java:193)
	at org.apache.catalina.core.ApplicationFilterChain.doFilter(ApplicationFilterChain.java:166)
	at org.springframework.boot.actuate.metrics.web.servlet.WebMvcMetricsFilter.doFilterInternal(WebMvcMetricsFilter.java:93)
	at org.springframework.web.filter.OncePerRequestFilter.doFilter(OncePerRequestFilter.java:119)
	at org.apache.catalina.core.ApplicationFilterChain.internalDoFilter(ApplicationFilterChain.java:193)
	at org.apache.catalina.core.ApplicationFilterChain.doFilter(ApplicationFilterChain.java:166)
	at org.springframework.web.filter.CharacterEncodingFilter.doFilterInternal(CharacterEncodingFilter.java:201)
	at org.springframework.web.filter.OncePerRequestFilter.doFilter(OncePerRequestFilter.java:119)
	at org.apache.catalina.core.ApplicationFilterChain.internalDoFilter(ApplicationFilterChain.java:193)
	at org.apache.catalina.core.ApplicationFilterChain.doFilter(ApplicationFilterChain.java:166)
	at org.apache.catalina.core.StandardWrapperValve.invoke(StandardWrapperValve.java:202)
	at org.apache.catalina.core.StandardContextValve.invoke(StandardContextValve.java:96)
	at org.apache.catalina.authenticator.AuthenticatorBase.invoke(AuthenticatorBase.java:541)
	at org.apache.catalina.core.StandardHostValve.invoke(StandardHostValve.java:139)
	at org.apache.catalina.valves.ErrorReportValve.invoke(ErrorReportValve.java:92)
	at org.apache.catalina.core.StandardEngineValve.invoke(StandardEngineValve.java:74)
	at org.apache.catalina.connector.CoyoteAdapter.service(CoyoteAdapter.java:343)
	at org.apache.coyote.http11.Http11Processor.service(Http11Processor.java:373)
	at org.apache.coyote.AbstractProcessorLight.process(AbstractProcessorLight.java:65)
	at org.apache.coyote.AbstractProtocol$ConnectionHandler.process(AbstractProtocol.java:868)
	at org.apache.tomcat.util.net.NioEndpoint$SocketProcessor.doRun(NioEndpoint.java:1590)
	at org.apache.tomcat.util.net.SocketProcessorBase.run(SocketProcessorBase.java:49)
	at java.base/java.util.concurrent.ThreadPoolExecutor.runWorker(ThreadPoolExecutor.java:1128)
	at java.base/java.util.concurrent.ThreadPoolExecutor$Worker.run(ThreadPoolExecutor.java:628)
	at org.apache.tomcat.util.threads.TaskThread$WrappingRunnable.run(TaskThread.java:61)
	at java.base/java.lang.Thread.run(Thread.java:834)
2020-07-12 11:40:22,758 INFO org.springframework.boot.admin.SpringApplicationAdminMXBeanRegistrar$SpringApplicationAdmin [RMI TCP Connection(2)-127.0.0.1] Application shutdown requested.
2020-07-12 11:40:23,004 INFO org.springframework.orm.jpa.AbstractEntityManagerFactoryBean [RMI TCP Connection(2)-127.0.0.1] Closing JPA EntityManagerFactory for persistence unit 'default'
2020-07-12 11:40:23,007 INFO org.springframework.scheduling.concurrent.ExecutorConfigurationSupport [RMI TCP Connection(2)-127.0.0.1] Shutting down ExecutorService 'applicationTaskExecutor'
2020-07-12 11:40:23,008 INFO com.zaxxer.hikari.HikariDataSource [RMI TCP Connection(2)-127.0.0.1] HikariPool-1 - Shutdown initiated...
2020-07-12 11:40:23,020 INFO com.zaxxer.hikari.HikariDataSource [RMI TCP Connection(2)-127.0.0.1] HikariPool-1 - Shutdown completed.
2020-07-12 11:40:31,002 INFO org.springframework.boot.StartupInfoLogger [main] Starting PiMentorBackendApplication on MKMONDAL-LAP with PID 25516 (C:\Users\mkmondal.ORADEV\eclipse-workspace\PiMentorBackend\target\classes started by mkmondal in C:\Users\mkmondal.ORADEV\eclipse-workspace\PiMentorBackend)
2020-07-12 11:40:31,007 DEBUG org.springframework.boot.StartupInfoLogger [main] Running with Spring Boot v2.3.1.RELEASE, Spring v5.2.7.RELEASE
2020-07-12 11:40:31,008 INFO org.springframework.boot.SpringApplication [main] No active profile set, falling back to default profiles: default
2020-07-12 11:40:32,534 INFO org.springframework.data.repository.config.RepositoryConfigurationDelegate [main] Bootstrapping Spring Data JPA repositories in DEFERRED mode.
2020-07-12 11:40:32,634 INFO org.springframework.data.repository.config.RepositoryConfigurationDelegate [main] Finished Spring Data repository scanning in 91ms. Found 1 JPA repository interfaces.
2020-07-12 11:40:33,177 INFO org.springframework.boot.web.embedded.tomcat.TomcatWebServer [main] Tomcat initialized with port(s): 9082 (http)
2020-07-12 11:40:33,186 INFO org.apache.juli.logging.DirectJDKLog [main] Initializing ProtocolHandler ["http-nio-9082"]
2020-07-12 11:40:33,187 INFO org.apache.juli.logging.DirectJDKLog [main] Starting service [Tomcat]
2020-07-12 11:40:33,187 INFO org.apache.juli.logging.DirectJDKLog [main] Starting Servlet engine: [Apache Tomcat/9.0.36]
2020-07-12 11:40:33,369 INFO org.apache.juli.logging.DirectJDKLog [main] Initializing Spring embedded WebApplicationContext
2020-07-12 11:40:33,370 INFO org.springframework.boot.web.servlet.context.ServletWebServerApplicationContext [main] Root WebApplicationContext: initialization completed in 2292 ms
2020-07-12 11:40:33,658 INFO org.springframework.scheduling.concurrent.ExecutorConfigurationSupport [main] Initializing ExecutorService 'applicationTaskExecutor'
2020-07-12 11:40:33,670 INFO com.zaxxer.hikari.HikariDataSource [main] HikariPool-1 - Starting...
2020-07-12 11:40:33,798 INFO com.zaxxer.hikari.HikariDataSource [main] HikariPool-1 - Start completed.
2020-07-12 11:40:33,867 INFO org.hibernate.jpa.internal.util.LogHelper [task-1] HHH000204: Processing PersistenceUnitInfo [name: default]
2020-07-12 11:40:33,938 INFO org.hibernate.Version [task-1] HHH000412: Hibernate ORM core version 5.4.17.Final
2020-07-12 11:40:34,089 WARN org.springframework.boot.autoconfigure.orm.jpa.JpaBaseConfiguration$JpaWebConfiguration [main] spring.jpa.open-in-view is enabled by default. Therefore, database queries may be performed during view rendering. Explicitly configure spring.jpa.open-in-view to disable this warning
2020-07-12 11:40:34,127 INFO org.hibernate.annotations.common.reflection.java.JavaReflectionManager [task-1] HCANN000001: Hibernate Commons Annotations {5.1.0.Final}
2020-07-12 11:40:34,257 INFO org.hibernate.dialect.Dialect [task-1] HHH000400: Using dialect: org.hibernate.dialect.MySQL8Dialect
2020-07-12 11:40:34,845 INFO org.hibernate.engine.transaction.jta.platform.internal.JtaPlatformInitiator [task-1] HHH000490: Using JtaPlatform implementation: [org.hibernate.engine.transaction.jta.platform.internal.NoJtaPlatform]
2020-07-12 11:40:34,854 INFO org.springframework.orm.jpa.AbstractEntityManagerFactoryBean [task-1] Initialized JPA EntityManagerFactory for persistence unit 'default'
2020-07-12 11:40:34,968 INFO org.springframework.security.web.DefaultSecurityFilterChain [main] Creating filter chain: any request, [org.springframework.security.web.context.request.async.WebAsyncManagerIntegrationFilter@a047bdb, org.springframework.security.web.context.SecurityContextPersistenceFilter@14df5253, org.springframework.security.web.header.HeaderWriterFilter@3e39f08c, org.springframework.security.web.authentication.logout.LogoutFilter@4d825dbe, org.springframework.security.web.authentication.www.BasicAuthenticationFilter@376498da, org.springframework.security.web.savedrequest.RequestCacheAwareFilter@7a0f06ad, org.springframework.security.web.servletapi.SecurityContextHolderAwareRequestFilter@43fd77d8, org.springframework.security.web.authentication.AnonymousAuthenticationFilter@14dbfdb1, org.springframework.security.web.session.SessionManagementFilter@c82d925, org.springframework.security.web.access.ExceptionTranslationFilter@6f240187, org.springframework.security.web.access.intercept.FilterSecurityInterceptor@64c95480]
2020-07-12 11:40:35,057 INFO org.springframework.boot.actuate.endpoint.web.EndpointLinksResolver [main] Exposing 2 endpoint(s) beneath base path '/actuator'
2020-07-12 11:40:35,091 INFO org.apache.juli.logging.DirectJDKLog [main] Starting ProtocolHandler ["http-nio-9082"]
2020-07-12 11:40:35,113 INFO org.springframework.boot.web.embedded.tomcat.TomcatWebServer [main] Tomcat started on port(s): 9082 (http) with context path ''
2020-07-12 11:40:35,114 INFO org.springframework.data.repository.config.DeferredRepositoryInitializationListener [main] Triggering deferred initialization of Spring Data repositories…
2020-07-12 11:40:35,325 INFO org.apache.juli.logging.DirectJDKLog [http-nio-9082-exec-1] Initializing Spring DispatcherServlet 'dispatcherServlet'
2020-07-12 11:40:35,325 INFO org.springframework.web.servlet.FrameworkServlet [http-nio-9082-exec-1] Initializing Servlet 'dispatcherServlet'
2020-07-12 11:40:35,334 INFO org.springframework.web.servlet.FrameworkServlet [http-nio-9082-exec-1] Completed initialization in 8 ms
2020-07-12 11:40:35,350 INFO org.springframework.data.repository.config.DeferredRepositoryInitializationListener [main] Spring Data repositories initialized!
2020-07-12 11:40:35,365 INFO org.springframework.scheduling.annotation.ScheduledAnnotationBeanPostProcessor [main] No TaskScheduler/ScheduledExecutorService bean found for scheduled processing
2020-07-12 11:40:35,374 INFO org.springframework.boot.StartupInfoLogger [main] Started PiMentorBackendApplication in 5.068 seconds (JVM running for 6.362)
2020-07-12 11:40:35,504 DEBUG com.org.pimentorbackend.controller.login.signup.LoginController [http-nio-9082-exec-1] inside login
2020-07-12 12:14:31,411 DEBUG com.org.pimentorbackend.controller.login.signup.LoginController [http-nio-9082-exec-4] inside login
2020-07-12 15:57:27,724 WARN com.zaxxer.hikari.pool.HikariPool$HouseKeeper [HikariPool-1 housekeeper] HikariPool-1 - Thread starvation or clock leap detected (housekeeper delta=1h49m23s217ms831µs100ns).
2020-07-12 16:15:03,569 DEBUG com.org.pimentorbackend.controller.login.signup.LoginController [http-nio-9082-exec-8] inside login
2020-07-12 16:17:12,254 WARN org.springframework.web.servlet.handler.AbstractHandlerExceptionResolver [http-nio-9082-exec-2] Resolved [org.springframework.web.HttpMediaTypeNotSupportedException: Content type 'text/plain;charset=UTF-8' not supported]
2020-07-12 16:17:23,704 DEBUG com.org.pimentorbackend.controller.login.signup.LoginController [http-nio-9082-exec-4] inside login
2020-07-12 16:51:47,562 DEBUG com.org.pimentorbackend.controller.login.signup.LoginController [http-nio-9082-exec-8] inside login
2020-07-12 16:58:58,832 INFO org.springframework.boot.admin.SpringApplicationAdminMXBeanRegistrar$SpringApplicationAdmin [RMI TCP Connection(2)-127.0.0.1] Application shutdown requested.
2020-07-12 16:58:59,272 INFO org.springframework.orm.jpa.AbstractEntityManagerFactoryBean [RMI TCP Connection(2)-127.0.0.1] Closing JPA EntityManagerFactory for persistence unit 'default'
2020-07-12 16:58:59,303 INFO org.springframework.scheduling.concurrent.ExecutorConfigurationSupport [RMI TCP Connection(2)-127.0.0.1] Shutting down ExecutorService 'applicationTaskExecutor'
2020-07-12 16:58:59,305 INFO com.zaxxer.hikari.HikariDataSource [RMI TCP Connection(2)-127.0.0.1] HikariPool-1 - Shutdown initiated...
2020-07-12 16:58:59,317 INFO com.zaxxer.hikari.HikariDataSource [RMI TCP Connection(2)-127.0.0.1] HikariPool-1 - Shutdown completed.
2020-07-12 16:59:05,852 INFO org.springframework.boot.StartupInfoLogger [main] Starting PiMentorBackendApplication on MKMONDAL-LAP with PID 12748 (C:\Users\mkmondal.ORADEV\eclipse-workspace\PiMentorBackend\target\classes started by mkmondal in C:\Users\mkmondal.ORADEV\eclipse-workspace\PiMentorBackend)
2020-07-12 16:59:05,857 DEBUG org.springframework.boot.StartupInfoLogger [main] Running with Spring Boot v2.3.1.RELEASE, Spring v5.2.7.RELEASE
2020-07-12 16:59:05,858 INFO org.springframework.boot.SpringApplication [main] No active profile set, falling back to default profiles: default
2020-07-12 16:59:08,001 INFO org.springframework.data.repository.config.RepositoryConfigurationDelegate [main] Bootstrapping Spring Data JPA repositories in DEFERRED mode.
2020-07-12 16:59:08,171 INFO org.springframework.data.repository.config.RepositoryConfigurationDelegate [main] Finished Spring Data repository scanning in 153ms. Found 1 JPA repository interfaces.
2020-07-12 16:59:09,150 INFO org.springframework.boot.web.embedded.tomcat.TomcatWebServer [main] Tomcat initialized with port(s): 9082 (http)
2020-07-12 16:59:09,170 INFO org.apache.juli.logging.DirectJDKLog [main] Initializing ProtocolHandler ["http-nio-9082"]
2020-07-12 16:59:09,171 INFO org.apache.juli.logging.DirectJDKLog [main] Starting service [Tomcat]
2020-07-12 16:59:09,172 INFO org.apache.juli.logging.DirectJDKLog [main] Starting Servlet engine: [Apache Tomcat/9.0.36]
2020-07-12 16:59:09,425 INFO org.apache.juli.logging.DirectJDKLog [main] Initializing Spring embedded WebApplicationContext
2020-07-12 16:59:09,425 INFO org.springframework.boot.web.servlet.context.ServletWebServerApplicationContext [main] Root WebApplicationContext: initialization completed in 3516 ms
2020-07-12 16:59:09,863 INFO org.springframework.scheduling.concurrent.ExecutorConfigurationSupport [main] Initializing ExecutorService 'applicationTaskExecutor'
2020-07-12 16:59:09,887 INFO com.zaxxer.hikari.HikariDataSource [main] HikariPool-1 - Starting...
2020-07-12 16:59:10,189 INFO com.zaxxer.hikari.HikariDataSource [main] HikariPool-1 - Start completed.
2020-07-12 16:59:10,285 INFO org.hibernate.jpa.internal.util.LogHelper [task-1] HHH000204: Processing PersistenceUnitInfo [name: default]
2020-07-12 16:59:10,406 INFO org.hibernate.Version [task-1] HHH000412: Hibernate ORM core version 5.4.17.Final
2020-07-12 16:59:10,551 WARN org.springframework.boot.autoconfigure.orm.jpa.JpaBaseConfiguration$JpaWebConfiguration [main] spring.jpa.open-in-view is enabled by default. Therefore, database queries may be performed during view rendering. Explicitly configure spring.jpa.open-in-view to disable this warning
2020-07-12 16:59:10,707 INFO org.hibernate.annotations.common.reflection.java.JavaReflectionManager [task-1] HCANN000001: Hibernate Commons Annotations {5.1.0.Final}
2020-07-12 16:59:10,945 INFO org.hibernate.dialect.Dialect [task-1] HHH000400: Using dialect: org.hibernate.dialect.MySQL8Dialect
2020-07-12 16:59:12,042 INFO org.hibernate.engine.transaction.jta.platform.internal.JtaPlatformInitiator [task-1] HHH000490: Using JtaPlatform implementation: [org.hibernate.engine.transaction.jta.platform.internal.NoJtaPlatform]
2020-07-12 16:59:12,063 INFO org.springframework.orm.jpa.AbstractEntityManagerFactoryBean [task-1] Initialized JPA EntityManagerFactory for persistence unit 'default'
2020-07-12 16:59:12,354 INFO org.springframework.security.web.DefaultSecurityFilterChain [main] Creating filter chain: any request, [org.springframework.security.web.context.request.async.WebAsyncManagerIntegrationFilter@e7b0bec, org.springframework.security.web.context.SecurityContextPersistenceFilter@478530cb, org.springframework.security.web.header.HeaderWriterFilter@6cc8da1c, org.springframework.security.web.authentication.logout.LogoutFilter@3c9f4376, org.springframework.security.web.authentication.www.BasicAuthenticationFilter@1ad1b737, org.springframework.security.web.savedrequest.RequestCacheAwareFilter@44aeae34, org.springframework.security.web.servletapi.SecurityContextHolderAwareRequestFilter@23321be7, org.springframework.security.web.authentication.AnonymousAuthenticationFilter@1e5aacd9, org.springframework.security.web.session.SessionManagementFilter@3c346c45, org.springframework.security.web.access.ExceptionTranslationFilter@b86cb18, org.springframework.security.web.access.intercept.FilterSecurityInterceptor@780129bc]
2020-07-12 16:59:12,489 INFO org.springframework.boot.actuate.endpoint.web.EndpointLinksResolver [main] Exposing 2 endpoint(s) beneath base path '/actuator'
2020-07-12 16:59:12,536 INFO org.apache.juli.logging.DirectJDKLog [main] Starting ProtocolHandler ["http-nio-9082"]
2020-07-12 16:59:12,577 INFO org.springframework.boot.web.embedded.tomcat.TomcatWebServer [main] Tomcat started on port(s): 9082 (http) with context path ''
2020-07-12 16:59:12,579 INFO org.springframework.data.repository.config.DeferredRepositoryInitializationListener [main] Triggering deferred initialization of Spring Data repositories…
2020-07-12 16:59:12,971 INFO org.springframework.data.repository.config.DeferredRepositoryInitializationListener [main] Spring Data repositories initialized!
2020-07-12 16:59:12,990 INFO org.springframework.scheduling.annotation.ScheduledAnnotationBeanPostProcessor [main] No TaskScheduler/ScheduledExecutorService bean found for scheduled processing
2020-07-12 16:59:13,004 INFO org.springframework.boot.StartupInfoLogger [main] Started PiMentorBackendApplication in 7.975 seconds (JVM running for 9.558)
2020-07-12 16:59:29,039 INFO org.apache.juli.logging.DirectJDKLog [http-nio-9082-exec-1] Initializing Spring DispatcherServlet 'dispatcherServlet'
2020-07-12 16:59:29,040 INFO org.springframework.web.servlet.FrameworkServlet [http-nio-9082-exec-1] Initializing Servlet 'dispatcherServlet'
2020-07-12 16:59:29,053 INFO org.springframework.web.servlet.FrameworkServlet [http-nio-9082-exec-1] Completed initialization in 13 ms
2020-07-12 17:01:53,645 INFO org.springframework.boot.admin.SpringApplicationAdminMXBeanRegistrar$SpringApplicationAdmin [RMI TCP Connection(2)-127.0.0.1] Application shutdown requested.
2020-07-12 17:01:54,022 INFO org.springframework.orm.jpa.AbstractEntityManagerFactoryBean [RMI TCP Connection(2)-127.0.0.1] Closing JPA EntityManagerFactory for persistence unit 'default'
2020-07-12 17:01:54,026 INFO org.springframework.scheduling.concurrent.ExecutorConfigurationSupport [RMI TCP Connection(2)-127.0.0.1] Shutting down ExecutorService 'applicationTaskExecutor'
2020-07-12 17:01:54,028 INFO com.zaxxer.hikari.HikariDataSource [RMI TCP Connection(2)-127.0.0.1] HikariPool-1 - Shutdown initiated...
2020-07-12 17:01:54,092 INFO com.zaxxer.hikari.HikariDataSource [RMI TCP Connection(2)-127.0.0.1] HikariPool-1 - Shutdown completed.
2020-07-12 17:01:59,484 INFO org.springframework.boot.StartupInfoLogger [main] Starting PiMentorBackendApplication on MKMONDAL-LAP with PID 20416 (C:\Users\mkmondal.ORADEV\eclipse-workspace\PiMentorBackend\target\classes started by mkmondal in C:\Users\mkmondal.ORADEV\eclipse-workspace\PiMentorBackend)
2020-07-12 17:01:59,488 DEBUG org.springframework.boot.StartupInfoLogger [main] Running with Spring Boot v2.3.1.RELEASE, Spring v5.2.7.RELEASE
2020-07-12 17:01:59,488 INFO org.springframework.boot.SpringApplication [main] No active profile set, falling back to default profiles: default
2020-07-12 17:02:01,314 INFO org.springframework.data.repository.config.RepositoryConfigurationDelegate [main] Bootstrapping Spring Data JPA repositories in DEFERRED mode.
2020-07-12 17:02:01,467 INFO org.springframework.data.repository.config.RepositoryConfigurationDelegate [main] Finished Spring Data repository scanning in 141ms. Found 1 JPA repository interfaces.
2020-07-12 17:02:02,375 INFO org.springframework.boot.web.embedded.tomcat.TomcatWebServer [main] Tomcat initialized with port(s): 9082 (http)
2020-07-12 17:02:02,392 INFO org.apache.juli.logging.DirectJDKLog [main] Initializing ProtocolHandler ["http-nio-9082"]
2020-07-12 17:02:02,393 INFO org.apache.juli.logging.DirectJDKLog [main] Starting service [Tomcat]
2020-07-12 17:02:02,393 INFO org.apache.juli.logging.DirectJDKLog [main] Starting Servlet engine: [Apache Tomcat/9.0.36]
2020-07-12 17:02:02,712 INFO org.apache.juli.logging.DirectJDKLog [main] Initializing Spring embedded WebApplicationContext
2020-07-12 17:02:02,713 INFO org.springframework.boot.web.servlet.context.ServletWebServerApplicationContext [main] Root WebApplicationContext: initialization completed in 3170 ms
2020-07-12 17:02:03,153 INFO org.springframework.scheduling.concurrent.ExecutorConfigurationSupport [main] Initializing ExecutorService 'applicationTaskExecutor'
2020-07-12 17:02:03,166 INFO com.zaxxer.hikari.HikariDataSource [main] HikariPool-1 - Starting...
2020-07-12 17:02:03,377 INFO com.zaxxer.hikari.HikariDataSource [main] HikariPool-1 - Start completed.
2020-07-12 17:02:03,484 INFO org.hibernate.jpa.internal.util.LogHelper [task-1] HHH000204: Processing PersistenceUnitInfo [name: default]
2020-07-12 17:02:03,587 INFO org.hibernate.Version [task-1] HHH000412: Hibernate ORM core version 5.4.17.Final
2020-07-12 17:02:03,762 WARN org.springframework.boot.autoconfigure.orm.jpa.JpaBaseConfiguration$JpaWebConfiguration [main] spring.jpa.open-in-view is enabled by default. Therefore, database queries may be performed during view rendering. Explicitly configure spring.jpa.open-in-view to disable this warning
2020-07-12 17:02:03,841 INFO org.hibernate.annotations.common.reflection.java.JavaReflectionManager [task-1] HCANN000001: Hibernate Commons Annotations {5.1.0.Final}
2020-07-12 17:02:04,067 INFO org.hibernate.dialect.Dialect [task-1] HHH000400: Using dialect: org.hibernate.dialect.MySQL8Dialect
2020-07-12 17:02:05,028 INFO org.hibernate.engine.transaction.jta.platform.internal.JtaPlatformInitiator [task-1] HHH000490: Using JtaPlatform implementation: [org.hibernate.engine.transaction.jta.platform.internal.NoJtaPlatform]
2020-07-12 17:02:05,045 INFO org.springframework.orm.jpa.AbstractEntityManagerFactoryBean [task-1] Initialized JPA EntityManagerFactory for persistence unit 'default'
2020-07-12 17:02:05,260 INFO org.springframework.security.web.DefaultSecurityFilterChain [main] Creating filter chain: any request, [org.springframework.security.web.context.request.async.WebAsyncManagerIntegrationFilter@269308cc, org.springframework.security.web.context.SecurityContextPersistenceFilter@ff4b223, org.springframework.security.web.header.HeaderWriterFilter@29b8df5, org.springframework.security.web.authentication.logout.LogoutFilter@69b37f5c, org.springframework.security.web.authentication.www.BasicAuthenticationFilter@3c346c45, org.springframework.security.web.savedrequest.RequestCacheAwareFilter@761f234c, org.springframework.security.web.servletapi.SecurityContextHolderAwareRequestFilter@393ae7a0, org.springframework.security.web.authentication.AnonymousAuthenticationFilter@177ddd24, org.springframework.security.web.session.SessionManagementFilter@139089a4, org.springframework.security.web.access.ExceptionTranslationFilter@1857fe6c, org.springframework.security.web.access.intercept.FilterSecurityInterceptor@29c244e]
2020-07-12 17:02:05,439 INFO org.springframework.boot.actuate.endpoint.web.EndpointLinksResolver [main] Exposing 2 endpoint(s) beneath base path '/actuator'
2020-07-12 17:02:05,493 INFO org.apache.juli.logging.DirectJDKLog [main] Starting ProtocolHandler ["http-nio-9082"]
2020-07-12 17:02:05,531 INFO org.springframework.boot.web.embedded.tomcat.TomcatWebServer [main] Tomcat started on port(s): 9082 (http) with context path ''
2020-07-12 17:02:05,535 INFO org.springframework.data.repository.config.DeferredRepositoryInitializationListener [main] Triggering deferred initialization of Spring Data repositories…
2020-07-12 17:02:05,901 INFO org.springframework.data.repository.config.DeferredRepositoryInitializationListener [main] Spring Data repositories initialized!
2020-07-12 17:02:05,925 INFO org.springframework.scheduling.annotation.ScheduledAnnotationBeanPostProcessor [main] No TaskScheduler/ScheduledExecutorService bean found for scheduled processing
2020-07-12 17:02:05,938 INFO org.springframework.boot.StartupInfoLogger [main] Started PiMentorBackendApplication in 7.135 seconds (JVM running for 8.821)
2020-07-12 17:02:25,972 INFO org.apache.juli.logging.DirectJDKLog [http-nio-9082-exec-1] Initializing Spring DispatcherServlet 'dispatcherServlet'
2020-07-12 17:02:25,973 INFO org.springframework.web.servlet.FrameworkServlet [http-nio-9082-exec-1] Initializing Servlet 'dispatcherServlet'
2020-07-12 17:02:25,993 INFO org.springframework.web.servlet.FrameworkServlet [http-nio-9082-exec-1] Completed initialization in 19 ms
2020-07-12 17:09:38,032 INFO org.springframework.boot.admin.SpringApplicationAdminMXBeanRegistrar$SpringApplicationAdmin [RMI TCP Connection(2)-127.0.0.1] Application shutdown requested.
2020-07-12 17:09:38,414 INFO org.springframework.orm.jpa.AbstractEntityManagerFactoryBean [RMI TCP Connection(2)-127.0.0.1] Closing JPA EntityManagerFactory for persistence unit 'default'
2020-07-12 17:09:38,419 INFO org.springframework.scheduling.concurrent.ExecutorConfigurationSupport [RMI TCP Connection(2)-127.0.0.1] Shutting down ExecutorService 'applicationTaskExecutor'
2020-07-12 17:09:38,420 INFO com.zaxxer.hikari.HikariDataSource [RMI TCP Connection(2)-127.0.0.1] HikariPool-1 - Shutdown initiated...
2020-07-12 17:09:38,437 INFO com.zaxxer.hikari.HikariDataSource [RMI TCP Connection(2)-127.0.0.1] HikariPool-1 - Shutdown completed.
2020-07-12 17:09:46,180 INFO org.springframework.boot.StartupInfoLogger [main] Starting PiMentorBackendApplication on MKMONDAL-LAP with PID 13280 (C:\Users\mkmondal.ORADEV\eclipse-workspace\PiMentorBackend\target\classes started by mkmondal in C:\Users\mkmondal.ORADEV\eclipse-workspace\PiMentorBackend)
2020-07-12 17:09:46,186 DEBUG org.springframework.boot.StartupInfoLogger [main] Running with Spring Boot v2.3.1.RELEASE, Spring v5.2.7.RELEASE
2020-07-12 17:09:46,186 INFO org.springframework.boot.SpringApplication [main] No active profile set, falling back to default profiles: default
2020-07-12 17:09:48,183 INFO org.springframework.data.repository.config.RepositoryConfigurationDelegate [main] Bootstrapping Spring Data JPA repositories in DEFERRED mode.
2020-07-12 17:09:48,383 INFO org.springframework.data.repository.config.RepositoryConfigurationDelegate [main] Finished Spring Data repository scanning in 185ms. Found 1 JPA repository interfaces.
2020-07-12 17:09:49,438 INFO org.springframework.boot.web.embedded.tomcat.TomcatWebServer [main] Tomcat initialized with port(s): 9082 (http)
2020-07-12 17:09:49,455 INFO org.apache.juli.logging.DirectJDKLog [main] Initializing ProtocolHandler ["http-nio-9082"]
2020-07-12 17:09:49,457 INFO org.apache.juli.logging.DirectJDKLog [main] Starting service [Tomcat]
2020-07-12 17:09:49,457 INFO org.apache.juli.logging.DirectJDKLog [main] Starting Servlet engine: [Apache Tomcat/9.0.36]
2020-07-12 17:09:49,776 INFO org.apache.juli.logging.DirectJDKLog [main] Initializing Spring embedded WebApplicationContext
2020-07-12 17:09:49,776 INFO org.springframework.boot.web.servlet.context.ServletWebServerApplicationContext [main] Root WebApplicationContext: initialization completed in 3535 ms
2020-07-12 17:09:50,320 INFO org.springframework.scheduling.concurrent.ExecutorConfigurationSupport [main] Initializing ExecutorService 'applicationTaskExecutor'
2020-07-12 17:09:50,337 INFO com.zaxxer.hikari.HikariDataSource [main] HikariPool-1 - Starting...
2020-07-12 17:09:50,578 INFO com.zaxxer.hikari.HikariDataSource [main] HikariPool-1 - Start completed.
2020-07-12 17:09:50,691 INFO org.hibernate.jpa.internal.util.LogHelper [task-1] HHH000204: Processing PersistenceUnitInfo [name: default]
2020-07-12 17:09:50,804 INFO org.hibernate.Version [task-1] HHH000412: Hibernate ORM core version 5.4.17.Final
2020-07-12 17:09:50,978 WARN org.springframework.boot.autoconfigure.orm.jpa.JpaBaseConfiguration$JpaWebConfiguration [main] spring.jpa.open-in-view is enabled by default. Therefore, database queries may be performed during view rendering. Explicitly configure spring.jpa.open-in-view to disable this warning
2020-07-12 17:09:51,089 INFO org.hibernate.annotations.common.reflection.java.JavaReflectionManager [task-1] HCANN000001: Hibernate Commons Annotations {5.1.0.Final}
2020-07-12 17:09:51,375 INFO org.hibernate.dialect.Dialect [task-1] HHH000400: Using dialect: org.hibernate.dialect.MySQL8Dialect
2020-07-12 17:09:52,499 INFO org.hibernate.engine.transaction.jta.platform.internal.JtaPlatformInitiator [task-1] HHH000490: Using JtaPlatform implementation: [org.hibernate.engine.transaction.jta.platform.internal.NoJtaPlatform]
2020-07-12 17:09:52,517 INFO org.springframework.orm.jpa.AbstractEntityManagerFactoryBean [task-1] Initialized JPA EntityManagerFactory for persistence unit 'default'
2020-07-12 17:09:52,756 INFO org.springframework.security.web.DefaultSecurityFilterChain [main] Creating filter chain: any request, [org.springframework.security.web.context.request.async.WebAsyncManagerIntegrationFilter@100807ca, org.springframework.security.web.context.SecurityContextPersistenceFilter@cf10c92, org.springframework.security.web.header.HeaderWriterFilter@21f91efa, org.springframework.security.web.authentication.logout.LogoutFilter@6c2883b1, org.springframework.security.web.authentication.www.BasicAuthenticationFilter@7da77305, org.springframework.security.web.savedrequest.RequestCacheAwareFilter@2d4e99de, org.springframework.security.web.servletapi.SecurityContextHolderAwareRequestFilter@1851c7d2, org.springframework.security.web.authentication.AnonymousAuthenticationFilter@c67395, org.springframework.security.web.session.SessionManagementFilter@34b2d51a, org.springframework.security.web.access.ExceptionTranslationFilter@34e990cc, org.springframework.security.web.access.intercept.FilterSecurityInterceptor@33f349ae]
2020-07-12 17:09:52,875 INFO org.springframework.boot.actuate.endpoint.web.EndpointLinksResolver [main] Exposing 2 endpoint(s) beneath base path '/actuator'
2020-07-12 17:09:52,926 INFO org.apache.juli.logging.DirectJDKLog [main] Starting ProtocolHandler ["http-nio-9082"]
2020-07-12 17:09:52,959 INFO org.springframework.boot.web.embedded.tomcat.TomcatWebServer [main] Tomcat started on port(s): 9082 (http) with context path ''
2020-07-12 17:09:52,962 INFO org.springframework.data.repository.config.DeferredRepositoryInitializationListener [main] Triggering deferred initialization of Spring Data repositories…
2020-07-12 17:09:53,372 INFO org.springframework.data.repository.config.DeferredRepositoryInitializationListener [main] Spring Data repositories initialized!
2020-07-12 17:09:53,397 INFO org.springframework.scheduling.annotation.ScheduledAnnotationBeanPostProcessor [main] No TaskScheduler/ScheduledExecutorService bean found for scheduled processing
2020-07-12 17:09:53,411 INFO org.springframework.boot.StartupInfoLogger [main] Started PiMentorBackendApplication in 8.07 seconds (JVM running for 10.021)
2020-07-12 17:10:13,579 INFO org.apache.juli.logging.DirectJDKLog [http-nio-9082-exec-1] Initializing Spring DispatcherServlet 'dispatcherServlet'
2020-07-12 17:10:13,580 INFO org.springframework.web.servlet.FrameworkServlet [http-nio-9082-exec-1] Initializing Servlet 'dispatcherServlet'
2020-07-12 17:10:13,591 INFO org.springframework.web.servlet.FrameworkServlet [http-nio-9082-exec-1] Completed initialization in 10 ms
2020-07-12 17:10:58,479 INFO org.springframework.boot.admin.SpringApplicationAdminMXBeanRegistrar$SpringApplicationAdmin [RMI TCP Connection(2)-127.0.0.1] Application shutdown requested.
2020-07-12 17:10:58,787 INFO org.springframework.orm.jpa.AbstractEntityManagerFactoryBean [RMI TCP Connection(2)-127.0.0.1] Closing JPA EntityManagerFactory for persistence unit 'default'
2020-07-12 17:10:58,791 INFO org.springframework.scheduling.concurrent.ExecutorConfigurationSupport [RMI TCP Connection(2)-127.0.0.1] Shutting down ExecutorService 'applicationTaskExecutor'
2020-07-12 17:10:58,792 INFO com.zaxxer.hikari.HikariDataSource [RMI TCP Connection(2)-127.0.0.1] HikariPool-1 - Shutdown initiated...
2020-07-12 17:10:58,807 INFO com.zaxxer.hikari.HikariDataSource [RMI TCP Connection(2)-127.0.0.1] HikariPool-1 - Shutdown completed.
2020-07-12 17:11:11,561 INFO org.springframework.boot.StartupInfoLogger [main] Starting PiMentorBackendApplication on MKMONDAL-LAP with PID 27456 (C:\Users\mkmondal.ORADEV\eclipse-workspace\PiMentorBackend\target\classes started by mkmondal in C:\Users\mkmondal.ORADEV\eclipse-workspace\PiMentorBackend)
2020-07-12 17:11:11,565 DEBUG org.springframework.boot.StartupInfoLogger [main] Running with Spring Boot v2.3.1.RELEASE, Spring v5.2.7.RELEASE
2020-07-12 17:11:11,565 INFO org.springframework.boot.SpringApplication [main] No active profile set, falling back to default profiles: default
2020-07-12 17:11:13,361 INFO org.springframework.data.repository.config.RepositoryConfigurationDelegate [main] Bootstrapping Spring Data JPA repositories in DEFERRED mode.
2020-07-12 17:11:13,527 INFO org.springframework.data.repository.config.RepositoryConfigurationDelegate [main] Finished Spring Data repository scanning in 147ms. Found 1 JPA repository interfaces.
2020-07-12 17:11:14,315 INFO org.springframework.boot.web.embedded.tomcat.TomcatWebServer [main] Tomcat initialized with port(s): 9082 (http)
2020-07-12 17:11:14,328 INFO org.apache.juli.logging.DirectJDKLog [main] Initializing ProtocolHandler ["http-nio-9082"]
2020-07-12 17:11:14,329 INFO org.apache.juli.logging.DirectJDKLog [main] Starting service [Tomcat]
2020-07-12 17:11:14,330 INFO org.apache.juli.logging.DirectJDKLog [main] Starting Servlet engine: [Apache Tomcat/9.0.36]
2020-07-12 17:11:14,643 INFO org.apache.juli.logging.DirectJDKLog [main] Initializing Spring embedded WebApplicationContext
2020-07-12 17:11:14,644 INFO org.springframework.boot.web.servlet.context.ServletWebServerApplicationContext [main] Root WebApplicationContext: initialization completed in 3022 ms
2020-07-12 17:11:15,077 INFO org.springframework.scheduling.concurrent.ExecutorConfigurationSupport [main] Initializing ExecutorService 'applicationTaskExecutor'
2020-07-12 17:11:15,092 INFO com.zaxxer.hikari.HikariDataSource [main] HikariPool-1 - Starting...
2020-07-12 17:11:15,331 INFO com.zaxxer.hikari.HikariDataSource [main] HikariPool-1 - Start completed.
2020-07-12 17:11:15,431 INFO org.hibernate.jpa.internal.util.LogHelper [task-1] HHH000204: Processing PersistenceUnitInfo [name: default]
2020-07-12 17:11:15,538 INFO org.hibernate.Version [task-1] HHH000412: Hibernate ORM core version 5.4.17.Final
2020-07-12 17:11:15,661 WARN org.springframework.boot.autoconfigure.orm.jpa.JpaBaseConfiguration$JpaWebConfiguration [main] spring.jpa.open-in-view is enabled by default. Therefore, database queries may be performed during view rendering. Explicitly configure spring.jpa.open-in-view to disable this warning
2020-07-12 17:11:15,774 INFO org.hibernate.annotations.common.reflection.java.JavaReflectionManager [task-1] HCANN000001: Hibernate Commons Annotations {5.1.0.Final}
2020-07-12 17:11:15,997 INFO org.hibernate.dialect.Dialect [task-1] HHH000400: Using dialect: org.hibernate.dialect.MySQL8Dialect
2020-07-12 17:11:16,963 INFO org.hibernate.engine.transaction.jta.platform.internal.JtaPlatformInitiator [task-1] HHH000490: Using JtaPlatform implementation: [org.hibernate.engine.transaction.jta.platform.internal.NoJtaPlatform]
2020-07-12 17:11:16,977 INFO org.springframework.orm.jpa.AbstractEntityManagerFactoryBean [task-1] Initialized JPA EntityManagerFactory for persistence unit 'default'
2020-07-12 17:11:17,159 INFO org.springframework.security.web.DefaultSecurityFilterChain [main] Creating filter chain: any request, [org.springframework.security.web.context.request.async.WebAsyncManagerIntegrationFilter@704c3bdf, org.springframework.security.web.context.SecurityContextPersistenceFilter@48106381, org.springframework.security.web.header.HeaderWriterFilter@13dc6649, org.springframework.security.web.authentication.logout.LogoutFilter@3f9f8d23, org.springframework.security.web.authentication.www.BasicAuthenticationFilter@67dc6b48, org.springframework.security.web.savedrequest.RequestCacheAwareFilter@22e813fc, org.springframework.security.web.servletapi.SecurityContextHolderAwareRequestFilter@175ac243, org.springframework.security.web.authentication.AnonymousAuthenticationFilter@37986daf, org.springframework.security.web.session.SessionManagementFilter@2d47b06, org.springframework.security.web.access.ExceptionTranslationFilter@7f2ca6f8, org.springframework.security.web.access.intercept.FilterSecurityInterceptor@43ab9ae9]
2020-07-12 17:11:17,271 INFO org.springframework.boot.actuate.endpoint.web.EndpointLinksResolver [main] Exposing 2 endpoint(s) beneath base path '/actuator'
2020-07-12 17:11:17,330 INFO org.apache.juli.logging.DirectJDKLog [main] Starting ProtocolHandler ["http-nio-9082"]
2020-07-12 17:11:17,373 INFO org.springframework.boot.web.embedded.tomcat.TomcatWebServer [main] Tomcat started on port(s): 9082 (http) with context path ''
2020-07-12 17:11:17,377 INFO org.springframework.data.repository.config.DeferredRepositoryInitializationListener [main] Triggering deferred initialization of Spring Data repositories…
2020-07-12 17:11:17,743 INFO org.springframework.data.repository.config.DeferredRepositoryInitializationListener [main] Spring Data repositories initialized!
2020-07-12 17:11:17,762 INFO org.springframework.scheduling.annotation.ScheduledAnnotationBeanPostProcessor [main] No TaskScheduler/ScheduledExecutorService bean found for scheduled processing
2020-07-12 17:11:17,776 INFO org.springframework.boot.StartupInfoLogger [main] Started PiMentorBackendApplication in 6.857 seconds (JVM running for 8.441)
2020-07-12 17:11:31,625 INFO org.apache.juli.logging.DirectJDKLog [http-nio-9082-exec-1] Initializing Spring DispatcherServlet 'dispatcherServlet'
2020-07-12 17:11:31,626 INFO org.springframework.web.servlet.FrameworkServlet [http-nio-9082-exec-1] Initializing Servlet 'dispatcherServlet'
2020-07-12 17:11:31,640 INFO org.springframework.web.servlet.FrameworkServlet [http-nio-9082-exec-1] Completed initialization in 14 ms
2020-07-12 17:14:47,578 INFO org.springframework.boot.admin.SpringApplicationAdminMXBeanRegistrar$SpringApplicationAdmin [RMI TCP Connection(2)-127.0.0.1] Application shutdown requested.
2020-07-12 17:14:47,842 INFO org.springframework.orm.jpa.AbstractEntityManagerFactoryBean [RMI TCP Connection(2)-127.0.0.1] Closing JPA EntityManagerFactory for persistence unit 'default'
2020-07-12 17:14:47,846 INFO org.springframework.scheduling.concurrent.ExecutorConfigurationSupport [RMI TCP Connection(2)-127.0.0.1] Shutting down ExecutorService 'applicationTaskExecutor'
2020-07-12 17:14:47,847 INFO com.zaxxer.hikari.HikariDataSource [RMI TCP Connection(2)-127.0.0.1] HikariPool-1 - Shutdown initiated...
2020-07-12 17:14:47,862 INFO com.zaxxer.hikari.HikariDataSource [RMI TCP Connection(2)-127.0.0.1] HikariPool-1 - Shutdown completed.
2020-07-12 17:14:58,413 INFO org.springframework.boot.StartupInfoLogger [main] Starting PiMentorBackendApplication on MKMONDAL-LAP with PID 21760 (C:\Users\mkmondal.ORADEV\eclipse-workspace\PiMentorBackend\target\classes started by mkmondal in C:\Users\mkmondal.ORADEV\eclipse-workspace\PiMentorBackend)
2020-07-12 17:14:58,417 DEBUG org.springframework.boot.StartupInfoLogger [main] Running with Spring Boot v2.3.1.RELEASE, Spring v5.2.7.RELEASE
2020-07-12 17:14:58,418 INFO org.springframework.boot.SpringApplication [main] No active profile set, falling back to default profiles: default
2020-07-12 17:15:00,473 INFO org.springframework.data.repository.config.RepositoryConfigurationDelegate [main] Bootstrapping Spring Data JPA repositories in DEFERRED mode.
2020-07-12 17:15:00,609 INFO org.springframework.data.repository.config.RepositoryConfigurationDelegate [main] Finished Spring Data repository scanning in 124ms. Found 1 JPA repository interfaces.
2020-07-12 17:15:01,304 INFO org.springframework.boot.web.embedded.tomcat.TomcatWebServer [main] Tomcat initialized with port(s): 9082 (http)
2020-07-12 17:15:01,315 INFO org.apache.juli.logging.DirectJDKLog [main] Initializing ProtocolHandler ["http-nio-9082"]
2020-07-12 17:15:01,316 INFO org.apache.juli.logging.DirectJDKLog [main] Starting service [Tomcat]
2020-07-12 17:15:01,316 INFO org.apache.juli.logging.DirectJDKLog [main] Starting Servlet engine: [Apache Tomcat/9.0.36]
2020-07-12 17:15:01,537 INFO org.apache.juli.logging.DirectJDKLog [main] Initializing Spring embedded WebApplicationContext
2020-07-12 17:15:01,537 INFO org.springframework.boot.web.servlet.context.ServletWebServerApplicationContext [main] Root WebApplicationContext: initialization completed in 3056 ms
2020-07-12 17:15:01,867 INFO org.springframework.scheduling.concurrent.ExecutorConfigurationSupport [main] Initializing ExecutorService 'applicationTaskExecutor'
2020-07-12 17:15:01,877 INFO com.zaxxer.hikari.HikariDataSource [main] HikariPool-1 - Starting...
2020-07-12 17:15:02,033 INFO com.zaxxer.hikari.HikariDataSource [main] HikariPool-1 - Start completed.
2020-07-12 17:15:02,119 INFO org.hibernate.jpa.internal.util.LogHelper [task-1] HHH000204: Processing PersistenceUnitInfo [name: default]
2020-07-12 17:15:02,203 INFO org.hibernate.Version [task-1] HHH000412: Hibernate ORM core version 5.4.17.Final
2020-07-12 17:15:02,311 WARN org.springframework.boot.autoconfigure.orm.jpa.JpaBaseConfiguration$JpaWebConfiguration [main] spring.jpa.open-in-view is enabled by default. Therefore, database queries may be performed during view rendering. Explicitly configure spring.jpa.open-in-view to disable this warning
2020-07-12 17:15:02,416 INFO org.hibernate.annotations.common.reflection.java.JavaReflectionManager [task-1] HCANN000001: Hibernate Commons Annotations {5.1.0.Final}
2020-07-12 17:15:02,594 INFO org.hibernate.dialect.Dialect [task-1] HHH000400: Using dialect: org.hibernate.dialect.MySQL8Dialect
2020-07-12 17:15:03,310 INFO org.hibernate.engine.transaction.jta.platform.internal.JtaPlatformInitiator [task-1] HHH000490: Using JtaPlatform implementation: [org.hibernate.engine.transaction.jta.platform.internal.NoJtaPlatform]
2020-07-12 17:15:03,323 INFO org.springframework.orm.jpa.AbstractEntityManagerFactoryBean [task-1] Initialized JPA EntityManagerFactory for persistence unit 'default'
2020-07-12 17:15:03,490 INFO org.springframework.boot.actuate.endpoint.web.EndpointLinksResolver [main] Exposing 2 endpoint(s) beneath base path '/actuator'
2020-07-12 17:15:03,510 INFO org.springframework.security.web.DefaultSecurityFilterChain [main] Creating filter chain: any request, [org.springframework.security.web.context.request.async.WebAsyncManagerIntegrationFilter@4d825dbe, org.springframework.security.web.context.SecurityContextPersistenceFilter@2ffb0d10, org.springframework.security.web.header.HeaderWriterFilter@7e4ac598, org.springframework.web.filter.CorsFilter@11180750, org.springframework.security.web.authentication.logout.LogoutFilter@1e6d30c0, org.springframework.security.web.authentication.www.BasicAuthenticationFilter@46894dc5, org.springframework.security.web.savedrequest.RequestCacheAwareFilter@3e9fb485, org.springframework.security.web.servletapi.SecurityContextHolderAwareRequestFilter@48106381, org.springframework.security.web.authentication.AnonymousAuthenticationFilter@210635fd, org.springframework.security.web.session.SessionManagementFilter@250a946, org.springframework.security.web.access.ExceptionTranslationFilter@28b5662d, org.springframework.security.web.access.intercept.FilterSecurityInterceptor@7da77305]
2020-07-12 17:15:03,653 INFO org.apache.juli.logging.DirectJDKLog [main] Starting ProtocolHandler ["http-nio-9082"]
2020-07-12 17:15:03,695 INFO org.springframework.boot.web.embedded.tomcat.TomcatWebServer [main] Tomcat started on port(s): 9082 (http) with context path ''
2020-07-12 17:15:03,697 INFO org.springframework.data.repository.config.DeferredRepositoryInitializationListener [main] Triggering deferred initialization of Spring Data repositories…
2020-07-12 17:15:04,057 INFO org.springframework.data.repository.config.DeferredRepositoryInitializationListener [main] Spring Data repositories initialized!
2020-07-12 17:15:04,073 INFO org.springframework.scheduling.annotation.ScheduledAnnotationBeanPostProcessor [main] No TaskScheduler/ScheduledExecutorService bean found for scheduled processing
2020-07-12 17:15:04,084 INFO org.springframework.boot.StartupInfoLogger [main] Started PiMentorBackendApplication in 6.394 seconds (JVM running for 8.127)
2020-07-12 17:15:17,908 INFO org.apache.juli.logging.DirectJDKLog [http-nio-9082-exec-1] Initializing Spring DispatcherServlet 'dispatcherServlet'
2020-07-12 17:15:17,909 INFO org.springframework.web.servlet.FrameworkServlet [http-nio-9082-exec-1] Initializing Servlet 'dispatcherServlet'
2020-07-12 17:15:17,929 INFO org.springframework.web.servlet.FrameworkServlet [http-nio-9082-exec-1] Completed initialization in 18 ms
2020-07-12 17:15:18,441 DEBUG com.org.pimentorbackend.controller.login.signup.LoginController [http-nio-9082-exec-2] inside login
2020-07-12 17:20:04,496 DEBUG com.org.pimentorbackend.controller.login.signup.LoginController [http-nio-9082-exec-4] inside login
2020-07-12 17:20:45,609 DEBUG com.org.pimentorbackend.controller.login.signup.LoginController [http-nio-9082-exec-5] inside login
2020-07-12 17:24:37,712 DEBUG com.org.pimentorbackend.controller.login.signup.LoginController [http-nio-9082-exec-7] inside login
2020-07-12 17:24:47,189 DEBUG com.org.pimentorbackend.controller.login.signup.LoginController [http-nio-9082-exec-8] inside login
2020-07-12 17:40:18,223 INFO org.springframework.boot.admin.SpringApplicationAdminMXBeanRegistrar$SpringApplicationAdmin [RMI TCP Connection(2)-127.0.0.1] Application shutdown requested.
2020-07-12 17:40:18,474 INFO org.springframework.orm.jpa.AbstractEntityManagerFactoryBean [RMI TCP Connection(2)-127.0.0.1] Closing JPA EntityManagerFactory for persistence unit 'default'
2020-07-12 17:40:18,478 INFO org.springframework.scheduling.concurrent.ExecutorConfigurationSupport [RMI TCP Connection(2)-127.0.0.1] Shutting down ExecutorService 'applicationTaskExecutor'
2020-07-12 17:40:18,478 INFO com.zaxxer.hikari.HikariDataSource [RMI TCP Connection(2)-127.0.0.1] HikariPool-1 - Shutdown initiated...
2020-07-12 17:40:18,490 INFO com.zaxxer.hikari.HikariDataSource [RMI TCP Connection(2)-127.0.0.1] HikariPool-1 - Shutdown completed.
2020-07-12 17:40:24,032 INFO org.springframework.boot.StartupInfoLogger [main] Starting PiMentorBackendApplication on MKMONDAL-LAP with PID 25620 (C:\Users\mkmondal.ORADEV\eclipse-workspace\PiMentorBackend\target\classes started by mkmondal in C:\Users\mkmondal.ORADEV\eclipse-workspace\PiMentorBackend)
2020-07-12 17:40:24,035 DEBUG org.springframework.boot.StartupInfoLogger [main] Running with Spring Boot v2.3.1.RELEASE, Spring v5.2.7.RELEASE
2020-07-12 17:40:24,036 INFO org.springframework.boot.SpringApplication [main] No active profile set, falling back to default profiles: default
2020-07-12 17:40:25,720 INFO org.springframework.data.repository.config.RepositoryConfigurationDelegate [main] Bootstrapping Spring Data JPA repositories in DEFERRED mode.
2020-07-12 17:40:25,852 INFO org.springframework.data.repository.config.RepositoryConfigurationDelegate [main] Finished Spring Data repository scanning in 120ms. Found 1 JPA repository interfaces.
2020-07-12 17:40:26,646 INFO org.springframework.boot.web.embedded.tomcat.TomcatWebServer [main] Tomcat initialized with port(s): 9082 (http)
2020-07-12 17:40:26,660 INFO org.apache.juli.logging.DirectJDKLog [main] Initializing ProtocolHandler ["http-nio-9082"]
2020-07-12 17:40:26,661 INFO org.apache.juli.logging.DirectJDKLog [main] Starting service [Tomcat]
2020-07-12 17:40:26,662 INFO org.apache.juli.logging.DirectJDKLog [main] Starting Servlet engine: [Apache Tomcat/9.0.36]
2020-07-12 17:40:26,962 INFO org.apache.juli.logging.DirectJDKLog [main] Initializing Spring embedded WebApplicationContext
2020-07-12 17:40:26,963 INFO org.springframework.boot.web.servlet.context.ServletWebServerApplicationContext [main] Root WebApplicationContext: initialization completed in 2878 ms
2020-07-12 17:40:27,340 INFO org.springframework.scheduling.concurrent.ExecutorConfigurationSupport [main] Initializing ExecutorService 'applicationTaskExecutor'
2020-07-12 17:40:27,351 INFO com.zaxxer.hikari.HikariDataSource [main] HikariPool-1 - Starting...
2020-07-12 17:40:27,504 INFO com.zaxxer.hikari.HikariDataSource [main] HikariPool-1 - Start completed.
2020-07-12 17:40:27,586 INFO org.hibernate.jpa.internal.util.LogHelper [task-1] HHH000204: Processing PersistenceUnitInfo [name: default]
2020-07-12 17:40:27,662 INFO org.hibernate.Version [task-1] HHH000412: Hibernate ORM core version 5.4.17.Final
2020-07-12 17:40:27,784 WARN org.springframework.boot.autoconfigure.orm.jpa.JpaBaseConfiguration$JpaWebConfiguration [main] spring.jpa.open-in-view is enabled by default. Therefore, database queries may be performed during view rendering. Explicitly configure spring.jpa.open-in-view to disable this warning
2020-07-12 17:40:27,866 INFO org.hibernate.annotations.common.reflection.java.JavaReflectionManager [task-1] HCANN000001: Hibernate Commons Annotations {5.1.0.Final}
2020-07-12 17:40:28,035 INFO org.hibernate.dialect.Dialect [task-1] HHH000400: Using dialect: org.hibernate.dialect.MySQL8Dialect
2020-07-12 17:40:28,749 INFO org.hibernate.engine.transaction.jta.platform.internal.JtaPlatformInitiator [task-1] HHH000490: Using JtaPlatform implementation: [org.hibernate.engine.transaction.jta.platform.internal.NoJtaPlatform]
2020-07-12 17:40:28,761 INFO org.springframework.orm.jpa.AbstractEntityManagerFactoryBean [task-1] Initialized JPA EntityManagerFactory for persistence unit 'default'
2020-07-12 17:40:28,967 INFO org.springframework.boot.actuate.endpoint.web.EndpointLinksResolver [main] Exposing 2 endpoint(s) beneath base path '/actuator'
2020-07-12 17:40:28,987 INFO org.springframework.security.web.DefaultSecurityFilterChain [main] Creating filter chain: any request, [org.springframework.security.web.context.request.async.WebAsyncManagerIntegrationFilter@26f5e45d, org.springframework.security.web.context.SecurityContextPersistenceFilter@3e04abc5, org.springframework.security.web.header.HeaderWriterFilter@139089a4, org.springframework.web.filter.CorsFilter@704c3bdf, org.springframework.security.web.authentication.logout.LogoutFilter@79d49790, org.springframework.security.web.authentication.www.BasicAuthenticationFilter@23321be7, org.springframework.security.web.savedrequest.RequestCacheAwareFilter@7ee12d58, org.springframework.security.web.servletapi.SecurityContextHolderAwareRequestFilter@269c7104, org.springframework.security.web.authentication.AnonymousAuthenticationFilter@37986daf, org.springframework.security.web.session.SessionManagementFilter@393ae7a0, org.springframework.security.web.access.ExceptionTranslationFilter@362a6aa5, org.springframework.security.web.access.intercept.FilterSecurityInterceptor@b32e983]
2020-07-12 17:40:29,101 INFO org.apache.juli.logging.DirectJDKLog [main] Starting ProtocolHandler ["http-nio-9082"]
2020-07-12 17:40:29,129 INFO org.springframework.boot.web.embedded.tomcat.TomcatWebServer [main] Tomcat started on port(s): 9082 (http) with context path ''
2020-07-12 17:40:29,132 INFO org.springframework.data.repository.config.DeferredRepositoryInitializationListener [main] Triggering deferred initialization of Spring Data repositories…
2020-07-12 17:40:29,404 INFO org.springframework.data.repository.config.DeferredRepositoryInitializationListener [main] Spring Data repositories initialized!
2020-07-12 17:40:29,419 INFO org.springframework.scheduling.annotation.ScheduledAnnotationBeanPostProcessor [main] No TaskScheduler/ScheduledExecutorService bean found for scheduled processing
2020-07-12 17:40:29,444 INFO org.springframework.boot.StartupInfoLogger [main] Started PiMentorBackendApplication in 6.054 seconds (JVM running for 7.442)
2020-07-12 17:41:38,992 INFO org.apache.juli.logging.DirectJDKLog [http-nio-9082-exec-1] Initializing Spring DispatcherServlet 'dispatcherServlet'
2020-07-12 17:41:38,993 INFO org.springframework.web.servlet.FrameworkServlet [http-nio-9082-exec-1] Initializing Servlet 'dispatcherServlet'
2020-07-12 17:41:39,003 INFO org.springframework.web.servlet.FrameworkServlet [http-nio-9082-exec-1] Completed initialization in 10 ms
2020-07-12 17:41:39,465 DEBUG com.org.pimentorbackend.controller.login.signup.LoginController [http-nio-9082-exec-1] inside login
2020-07-12 17:42:29,281 DEBUG com.org.pimentorbackend.controller.login.signup.LoginController [http-nio-9082-exec-2] inside login
2020-07-12 17:42:47,887 DEBUG com.org.pimentorbackend.controller.login.signup.LoginController [http-nio-9082-exec-3] inside login
2020-07-12 17:44:31,215 DEBUG com.org.pimentorbackend.controller.login.signup.LoginController [http-nio-9082-exec-5] inside login
2020-07-12 18:14:28,467 INFO org.springframework.boot.admin.SpringApplicationAdminMXBeanRegistrar$SpringApplicationAdmin [RMI TCP Connection(2)-127.0.0.1] Application shutdown requested.
2020-07-12 18:14:28,822 INFO org.springframework.orm.jpa.AbstractEntityManagerFactoryBean [RMI TCP Connection(2)-127.0.0.1] Closing JPA EntityManagerFactory for persistence unit 'default'
2020-07-12 18:14:28,830 INFO org.springframework.scheduling.concurrent.ExecutorConfigurationSupport [RMI TCP Connection(2)-127.0.0.1] Shutting down ExecutorService 'applicationTaskExecutor'
2020-07-12 18:14:28,832 INFO com.zaxxer.hikari.HikariDataSource [RMI TCP Connection(2)-127.0.0.1] HikariPool-1 - Shutdown initiated...
2020-07-12 18:14:28,845 INFO com.zaxxer.hikari.HikariDataSource [RMI TCP Connection(2)-127.0.0.1] HikariPool-1 - Shutdown completed.
2020-07-12 18:14:44,446 INFO org.springframework.boot.StartupInfoLogger [main] Starting PiMentorBackendApplication on MKMONDAL-LAP with PID 27552 (C:\Users\mkmondal.ORADEV\eclipse-workspace\PiMentorBackend\target\classes started by mkmondal in C:\Users\mkmondal.ORADEV\eclipse-workspace\PiMentorBackend)
2020-07-12 18:14:44,450 DEBUG org.springframework.boot.StartupInfoLogger [main] Running with Spring Boot v2.3.1.RELEASE, Spring v5.2.7.RELEASE
2020-07-12 18:14:44,451 INFO org.springframework.boot.SpringApplication [main] No active profile set, falling back to default profiles: default
2020-07-12 18:14:46,142 INFO org.springframework.data.repository.config.RepositoryConfigurationDelegate [main] Bootstrapping Spring Data JPA repositories in DEFERRED mode.
2020-07-12 18:14:46,299 INFO org.springframework.data.repository.config.RepositoryConfigurationDelegate [main] Finished Spring Data repository scanning in 142ms. Found 1 JPA repository interfaces.
2020-07-12 18:14:47,049 INFO org.springframework.boot.web.embedded.tomcat.TomcatWebServer [main] Tomcat initialized with port(s): 9082 (http)
2020-07-12 18:14:47,061 INFO org.apache.juli.logging.DirectJDKLog [main] Initializing ProtocolHandler ["http-nio-9082"]
2020-07-12 18:14:47,062 INFO org.apache.juli.logging.DirectJDKLog [main] Starting service [Tomcat]
2020-07-12 18:14:47,063 INFO org.apache.juli.logging.DirectJDKLog [main] Starting Servlet engine: [Apache Tomcat/9.0.36]
2020-07-12 18:14:47,300 INFO org.apache.juli.logging.DirectJDKLog [main] Initializing Spring embedded WebApplicationContext
2020-07-12 18:14:47,300 INFO org.springframework.boot.web.servlet.context.ServletWebServerApplicationContext [main] Root WebApplicationContext: initialization completed in 2794 ms
2020-07-12 18:14:47,701 INFO org.springframework.scheduling.concurrent.ExecutorConfigurationSupport [main] Initializing ExecutorService 'applicationTaskExecutor'
2020-07-12 18:14:47,718 INFO com.zaxxer.hikari.HikariDataSource [main] HikariPool-1 - Starting...
2020-07-12 18:14:47,943 INFO com.zaxxer.hikari.HikariDataSource [main] HikariPool-1 - Start completed.
2020-07-12 18:14:48,053 INFO org.hibernate.jpa.internal.util.LogHelper [task-1] HHH000204: Processing PersistenceUnitInfo [name: default]
2020-07-12 18:14:48,181 INFO org.hibernate.Version [task-1] HHH000412: Hibernate ORM core version 5.4.17.Final
2020-07-12 18:14:48,301 WARN org.springframework.boot.autoconfigure.orm.jpa.JpaBaseConfiguration$JpaWebConfiguration [main] spring.jpa.open-in-view is enabled by default. Therefore, database queries may be performed during view rendering. Explicitly configure spring.jpa.open-in-view to disable this warning
2020-07-12 18:14:48,514 INFO org.hibernate.annotations.common.reflection.java.JavaReflectionManager [task-1] HCANN000001: Hibernate Commons Annotations {5.1.0.Final}
2020-07-12 18:14:48,766 INFO org.hibernate.dialect.Dialect [task-1] HHH000400: Using dialect: org.hibernate.dialect.MySQL8Dialect
2020-07-12 18:14:49,700 INFO org.hibernate.engine.transaction.jta.platform.internal.JtaPlatformInitiator [task-1] HHH000490: Using JtaPlatform implementation: [org.hibernate.engine.transaction.jta.platform.internal.NoJtaPlatform]
2020-07-12 18:14:49,714 INFO org.springframework.orm.jpa.AbstractEntityManagerFactoryBean [task-1] Initialized JPA EntityManagerFactory for persistence unit 'default'
2020-07-12 18:14:49,923 INFO org.springframework.boot.actuate.endpoint.web.EndpointLinksResolver [main] Exposing 2 endpoint(s) beneath base path '/actuator'
2020-07-12 18:14:49,943 INFO org.springframework.security.web.DefaultSecurityFilterChain [main] Creating filter chain: any request, [org.springframework.security.web.context.request.async.WebAsyncManagerIntegrationFilter@604f376a, org.springframework.security.web.context.SecurityContextPersistenceFilter@627bcd7e, org.springframework.security.web.header.HeaderWriterFilter@393ae7a0, org.springframework.web.filter.CorsFilter@5432dca2, org.springframework.security.web.authentication.logout.LogoutFilter@419f0ea, org.springframework.security.web.authentication.www.BasicAuthenticationFilter@38cf3ae1, org.springframework.security.web.savedrequest.RequestCacheAwareFilter@350567f1, org.springframework.security.web.servletapi.SecurityContextHolderAwareRequestFilter@2d4e99de, org.springframework.security.web.authentication.AnonymousAuthenticationFilter@12670e55, org.springframework.security.web.session.SessionManagementFilter@269c7104, org.springframework.security.web.access.ExceptionTranslationFilter@f9a5e3f, org.springframework.security.web.access.intercept.FilterSecurityInterceptor@2da5fdc]
2020-07-12 18:14:50,091 INFO org.apache.juli.logging.DirectJDKLog [main] Starting ProtocolHandler ["http-nio-9082"]
2020-07-12 18:14:50,130 INFO org.springframework.boot.web.embedded.tomcat.TomcatWebServer [main] Tomcat started on port(s): 9082 (http) with context path ''
2020-07-12 18:14:50,133 INFO org.springframework.data.repository.config.DeferredRepositoryInitializationListener [main] Triggering deferred initialization of Spring Data repositories…
2020-07-12 18:14:50,556 INFO org.springframework.data.repository.config.DeferredRepositoryInitializationListener [main] Spring Data repositories initialized!
2020-07-12 18:14:50,580 INFO org.springframework.scheduling.annotation.ScheduledAnnotationBeanPostProcessor [main] No TaskScheduler/ScheduledExecutorService bean found for scheduled processing
2020-07-12 18:14:50,595 INFO org.springframework.boot.StartupInfoLogger [main] Started PiMentorBackendApplication in 6.877 seconds (JVM running for 8.602)
2020-07-12 18:14:57,614 INFO org.apache.juli.logging.DirectJDKLog [http-nio-9082-exec-1] Initializing Spring DispatcherServlet 'dispatcherServlet'
2020-07-12 18:14:57,615 INFO org.springframework.web.servlet.FrameworkServlet [http-nio-9082-exec-1] Initializing Servlet 'dispatcherServlet'
2020-07-12 18:14:57,627 INFO org.springframework.web.servlet.FrameworkServlet [http-nio-9082-exec-1] Completed initialization in 12 ms
2020-07-12 18:32:43,566 DEBUG com.org.pimentorbackend.controller.login.signup.LoginController [http-nio-9082-exec-7] inside login
2020-07-12 18:34:40,969 DEBUG com.org.pimentorbackend.controller.login.signup.LoginController [http-nio-9082-exec-9] inside login
2020-07-12 18:35:09,223 DEBUG com.org.pimentorbackend.controller.login.signup.LoginController [http-nio-9082-exec-1] inside login
2020-07-12 18:38:24,260 DEBUG com.org.pimentorbackend.controller.login.signup.LoginController [http-nio-9082-exec-3] inside login
2020-07-12 18:40:04,883 DEBUG com.org.pimentorbackend.controller.login.signup.LoginController [http-nio-9082-exec-5] inside login
2020-07-12 18:46:32,714 DEBUG com.org.pimentorbackend.controller.login.signup.LoginController [http-nio-9082-exec-7] inside login
2020-07-12 18:49:22,017 DEBUG com.org.pimentorbackend.controller.login.signup.LoginController [http-nio-9082-exec-9] inside login
2020-07-12 18:51:07,469 DEBUG com.org.pimentorbackend.controller.login.signup.LoginController [http-nio-9082-exec-1] inside login
2020-07-12 18:51:57,444 DEBUG com.org.pimentorbackend.controller.login.signup.LoginController [http-nio-9082-exec-2] inside login
2020-07-12 18:53:34,596 DEBUG com.org.pimentorbackend.controller.login.signup.LoginController [http-nio-9082-exec-4] inside login
2020-07-12 18:53:48,239 DEBUG com.org.pimentorbackend.controller.login.signup.LoginController [http-nio-9082-exec-5] inside login
2020-07-12 19:45:31,952 WARN com.zaxxer.hikari.pool.HikariPool$HouseKeeper [HikariPool-1 housekeeper] HikariPool-1 - Thread starvation or clock leap detected (housekeeper delta=13m43s490ms659µs600ns).
2020-07-12 22:27:18,810 WARN com.zaxxer.hikari.pool.HikariPool$HouseKeeper [HikariPool-1 housekeeper] HikariPool-1 - Thread starvation or clock leap detected (housekeeper delta=2h29m46s832ms944µs600ns).
2020-07-12 22:39:12,976 DEBUG com.org.pimentorbackend.controller.login.signup.LoginController [http-nio-9082-exec-9] inside login
2020-07-12 22:45:26,505 DEBUG com.org.pimentorbackend.controller.login.signup.LoginController [http-nio-9082-exec-1] inside login
